TN:
SF:/usr/include/c++/9/bits/stl_algo.h
FN:78,_ZSt22__move_median_to_firstIN9__gnu_cxx17__normal_iteratorIPN4arma22arma_sort_index_packetIdEESt6vectorIS4_SaIS4_EEEENS0_5__ops15_Iter_comp_iterINS2_30arma_sort_index_helper_descendIdEEEEEvT_SF_SF_SF_T0_
FNDA:0,_ZSt22__move_median_to_firstIN9__gnu_cxx17__normal_iteratorIPN4arma22arma_sort_index_packetIdEESt6vectorIS4_SaIS4_EEEENS0_5__ops15_Iter_comp_iterINS2_30arma_sort_index_helper_descendIdEEEEEvT_SF_SF_SF_T0_
FN:78,_ZSt22__move_median_to_firstIN9__gnu_cxx17__normal_iteratorIPN4arma22arma_sort_index_packetIdEESt6vectorIS4_SaIS4_EEEENS0_5__ops15_Iter_comp_iterINS2_29arma_sort_index_helper_ascendIdEEEEEvT_SF_SF_SF_T0_
FNDA:0,_ZSt22__move_median_to_firstIN9__gnu_cxx17__normal_iteratorIPN4arma22arma_sort_index_packetIdEESt6vectorIS4_SaIS4_EEEENS0_5__ops15_Iter_comp_iterINS2_29arma_sort_index_helper_ascendIdEEEEEvT_SF_SF_SF_T0_
FN:1673,_ZSt13__heap_selectIN9__gnu_cxx17__normal_iteratorIPN4arma22arma_sort_index_packetIdEESt6vectorIS4_SaIS4_EEEENS0_5__ops15_Iter_comp_iterINS2_30arma_sort_index_helper_descendIdEEEEEvT_SF_SF_T0_
FNDA:0,_ZSt13__heap_selectIN9__gnu_cxx17__normal_iteratorIPN4arma22arma_sort_index_packetIdEESt6vectorIS4_SaIS4_EEEENS0_5__ops15_Iter_comp_iterINS2_30arma_sort_index_helper_descendIdEEEEEvT_SF_SF_T0_
FN:1673,_ZSt13__heap_selectIN9__gnu_cxx17__normal_iteratorIPN4arma22arma_sort_index_packetIdEESt6vectorIS4_SaIS4_EEEENS0_5__ops15_Iter_comp_iterINS2_29arma_sort_index_helper_ascendIdEEEEEvT_SF_SF_T0_
FNDA:0,_ZSt13__heap_selectIN9__gnu_cxx17__normal_iteratorIPN4arma22arma_sort_index_packetIdEESt6vectorIS4_SaIS4_EEEENS0_5__ops15_Iter_comp_iterINS2_29arma_sort_index_helper_ascendIdEEEEEvT_SF_SF_T0_
FN:1826,_ZSt25__unguarded_linear_insertIN9__gnu_cxx17__normal_iteratorIPN4arma22arma_sort_index_packetIdEESt6vectorIS4_SaIS4_EEEENS0_5__ops14_Val_comp_iterINS2_30arma_sort_index_helper_descendIdEEEEEvT_T0_
FNDA:0,_ZSt25__unguarded_linear_insertIN9__gnu_cxx17__normal_iteratorIPN4arma22arma_sort_index_packetIdEESt6vectorIS4_SaIS4_EEEENS0_5__ops14_Val_comp_iterINS2_30arma_sort_index_helper_descendIdEEEEEvT_T0_
FN:1826,_ZSt25__unguarded_linear_insertIN9__gnu_cxx17__normal_iteratorIPN4arma22arma_sort_index_packetIdEESt6vectorIS4_SaIS4_EEEENS0_5__ops14_Val_comp_iterINS2_29arma_sort_index_helper_ascendIdEEEEEvT_T0_
FNDA:0,_ZSt25__unguarded_linear_insertIN9__gnu_cxx17__normal_iteratorIPN4arma22arma_sort_index_packetIdEESt6vectorIS4_SaIS4_EEEENS0_5__ops14_Val_comp_iterINS2_29arma_sort_index_helper_ascendIdEEEEEvT_T0_
FN:1845,_ZSt16__insertion_sortIN9__gnu_cxx17__normal_iteratorIPN4arma22arma_sort_index_packetIdEESt6vectorIS4_SaIS4_EEEENS0_5__ops15_Iter_comp_iterINS2_30arma_sort_index_helper_descendIdEEEEEvT_SF_T0_
FNDA:0,_ZSt16__insertion_sortIN9__gnu_cxx17__normal_iteratorIPN4arma22arma_sort_index_packetIdEESt6vectorIS4_SaIS4_EEEENS0_5__ops15_Iter_comp_iterINS2_30arma_sort_index_helper_descendIdEEEEEvT_SF_T0_
FN:1845,_ZSt16__insertion_sortIN9__gnu_cxx17__normal_iteratorIPN4arma22arma_sort_index_packetIdEESt6vectorIS4_SaIS4_EEEENS0_5__ops15_Iter_comp_iterINS2_29arma_sort_index_helper_ascendIdEEEEEvT_SF_T0_
FNDA:0,_ZSt16__insertion_sortIN9__gnu_cxx17__normal_iteratorIPN4arma22arma_sort_index_packetIdEESt6vectorIS4_SaIS4_EEEENS0_5__ops15_Iter_comp_iterINS2_29arma_sort_index_helper_ascendIdEEEEEvT_SF_T0_
FN:1868,_ZSt26__unguarded_insertion_sortIN9__gnu_cxx17__normal_iteratorIPN4arma22arma_sort_index_packetIdEESt6vectorIS4_SaIS4_EEEENS0_5__ops15_Iter_comp_iterINS2_30arma_sort_index_helper_descendIdEEEEEvT_SF_T0_
FNDA:0,_ZSt26__unguarded_insertion_sortIN9__gnu_cxx17__normal_iteratorIPN4arma22arma_sort_index_packetIdEESt6vectorIS4_SaIS4_EEEENS0_5__ops15_Iter_comp_iterINS2_30arma_sort_index_helper_descendIdEEEEEvT_SF_T0_
FN:1868,_ZSt26__unguarded_insertion_sortIN9__gnu_cxx17__normal_iteratorIPN4arma22arma_sort_index_packetIdEESt6vectorIS4_SaIS4_EEEENS0_5__ops15_Iter_comp_iterINS2_29arma_sort_index_helper_ascendIdEEEEEvT_SF_T0_
FNDA:0,_ZSt26__unguarded_insertion_sortIN9__gnu_cxx17__normal_iteratorIPN4arma22arma_sort_index_packetIdEESt6vectorIS4_SaIS4_EEEENS0_5__ops15_Iter_comp_iterINS2_29arma_sort_index_helper_ascendIdEEEEEvT_SF_T0_
FN:1885,_ZSt22__final_insertion_sortIN9__gnu_cxx17__normal_iteratorIPN4arma22arma_sort_index_packetIdEESt6vectorIS4_SaIS4_EEEENS0_5__ops15_Iter_comp_iterINS2_29arma_sort_index_helper_ascendIdEEEEEvT_SF_T0_
FNDA:0,_ZSt22__final_insertion_sortIN9__gnu_cxx17__normal_iteratorIPN4arma22arma_sort_index_packetIdEESt6vectorIS4_SaIS4_EEEENS0_5__ops15_Iter_comp_iterINS2_29arma_sort_index_helper_ascendIdEEEEEvT_SF_T0_
FN:1885,_ZSt22__final_insertion_sortIN9__gnu_cxx17__normal_iteratorIPN4arma22arma_sort_index_packetIdEESt6vectorIS4_SaIS4_EEEENS0_5__ops15_Iter_comp_iterINS2_30arma_sort_index_helper_descendIdEEEEEvT_SF_T0_
FNDA:0,_ZSt22__final_insertion_sortIN9__gnu_cxx17__normal_iteratorIPN4arma22arma_sort_index_packetIdEESt6vectorIS4_SaIS4_EEEENS0_5__ops15_Iter_comp_iterINS2_30arma_sort_index_helper_descendIdEEEEEvT_SF_T0_
FN:1901,_ZSt21__unguarded_partitionIN9__gnu_cxx17__normal_iteratorIPN4arma22arma_sort_index_packetIdEESt6vectorIS4_SaIS4_EEEENS0_5__ops15_Iter_comp_iterINS2_30arma_sort_index_helper_descendIdEEEEET_SF_SF_SF_T0_
FNDA:0,_ZSt21__unguarded_partitionIN9__gnu_cxx17__normal_iteratorIPN4arma22arma_sort_index_packetIdEESt6vectorIS4_SaIS4_EEEENS0_5__ops15_Iter_comp_iterINS2_30arma_sort_index_helper_descendIdEEEEET_SF_SF_SF_T0_
FN:1901,_ZSt21__unguarded_partitionIN9__gnu_cxx17__normal_iteratorIPN4arma22arma_sort_index_packetIdEESt6vectorIS4_SaIS4_EEEENS0_5__ops15_Iter_comp_iterINS2_29arma_sort_index_helper_ascendIdEEEEET_SF_SF_SF_T0_
FNDA:0,_ZSt21__unguarded_partitionIN9__gnu_cxx17__normal_iteratorIPN4arma22arma_sort_index_packetIdEESt6vectorIS4_SaIS4_EEEENS0_5__ops15_Iter_comp_iterINS2_29arma_sort_index_helper_ascendIdEEEEET_SF_SF_SF_T0_
FN:1922,_ZSt27__unguarded_partition_pivotIN9__gnu_cxx17__normal_iteratorIPN4arma22arma_sort_index_packetIdEESt6vectorIS4_SaIS4_EEEENS0_5__ops15_Iter_comp_iterINS2_29arma_sort_index_helper_ascendIdEEEEET_SF_SF_T0_
FNDA:0,_ZSt27__unguarded_partition_pivotIN9__gnu_cxx17__normal_iteratorIPN4arma22arma_sort_index_packetIdEESt6vectorIS4_SaIS4_EEEENS0_5__ops15_Iter_comp_iterINS2_29arma_sort_index_helper_ascendIdEEEEET_SF_SF_T0_
FN:1922,_ZSt27__unguarded_partition_pivotIN9__gnu_cxx17__normal_iteratorIPN4arma22arma_sort_index_packetIdEESt6vectorIS4_SaIS4_EEEENS0_5__ops15_Iter_comp_iterINS2_30arma_sort_index_helper_descendIdEEEEET_SF_SF_T0_
FNDA:0,_ZSt27__unguarded_partition_pivotIN9__gnu_cxx17__normal_iteratorIPN4arma22arma_sort_index_packetIdEESt6vectorIS4_SaIS4_EEEENS0_5__ops15_Iter_comp_iterINS2_30arma_sort_index_helper_descendIdEEEEET_SF_SF_T0_
FN:1933,_ZSt14__partial_sortIN9__gnu_cxx17__normal_iteratorIPN4arma22arma_sort_index_packetIdEESt6vectorIS4_SaIS4_EEEENS0_5__ops15_Iter_comp_iterINS2_30arma_sort_index_helper_descendIdEEEEEvT_SF_SF_T0_
FNDA:0,_ZSt14__partial_sortIN9__gnu_cxx17__normal_iteratorIPN4arma22arma_sort_index_packetIdEESt6vectorIS4_SaIS4_EEEENS0_5__ops15_Iter_comp_iterINS2_30arma_sort_index_helper_descendIdEEEEEvT_SF_SF_T0_
FN:1933,_ZSt14__partial_sortIN9__gnu_cxx17__normal_iteratorIPN4arma22arma_sort_index_packetIdEESt6vectorIS4_SaIS4_EEEENS0_5__ops15_Iter_comp_iterINS2_29arma_sort_index_helper_ascendIdEEEEEvT_SF_SF_T0_
FNDA:0,_ZSt14__partial_sortIN9__gnu_cxx17__normal_iteratorIPN4arma22arma_sort_index_packetIdEESt6vectorIS4_SaIS4_EEEENS0_5__ops15_Iter_comp_iterINS2_29arma_sort_index_helper_ascendIdEEEEEvT_SF_SF_T0_
FN:1945,_ZSt16__introsort_loopIN9__gnu_cxx17__normal_iteratorIPN4arma22arma_sort_index_packetIdEESt6vectorIS4_SaIS4_EEEElNS0_5__ops15_Iter_comp_iterINS2_30arma_sort_index_helper_descendIdEEEEEvT_SF_T0_T1_
FNDA:0,_ZSt16__introsort_loopIN9__gnu_cxx17__normal_iteratorIPN4arma22arma_sort_index_packetIdEESt6vectorIS4_SaIS4_EEEElNS0_5__ops15_Iter_comp_iterINS2_30arma_sort_index_helper_descendIdEEEEEvT_SF_T0_T1_
FN:1945,_ZSt16__introsort_loopIN9__gnu_cxx17__normal_iteratorIPN4arma22arma_sort_index_packetIdEESt6vectorIS4_SaIS4_EEEElNS0_5__ops15_Iter_comp_iterINS2_29arma_sort_index_helper_ascendIdEEEEEvT_SF_T0_T1_
FNDA:0,_ZSt16__introsort_loopIN9__gnu_cxx17__normal_iteratorIPN4arma22arma_sort_index_packetIdEESt6vectorIS4_SaIS4_EEEElNS0_5__ops15_Iter_comp_iterINS2_29arma_sort_index_helper_ascendIdEEEEEvT_SF_T0_T1_
FN:1968,_ZSt6__sortIN9__gnu_cxx17__normal_iteratorIPN4arma22arma_sort_index_packetIdEESt6vectorIS4_SaIS4_EEEENS0_5__ops15_Iter_comp_iterINS2_30arma_sort_index_helper_descendIdEEEEEvT_SF_T0_
FNDA:0,_ZSt6__sortIN9__gnu_cxx17__normal_iteratorIPN4arma22arma_sort_index_packetIdEESt6vectorIS4_SaIS4_EEEENS0_5__ops15_Iter_comp_iterINS2_30arma_sort_index_helper_descendIdEEEEEvT_SF_T0_
FN:1968,_ZSt6__sortIN9__gnu_cxx17__normal_iteratorIPN4arma22arma_sort_index_packetIdEESt6vectorIS4_SaIS4_EEEENS0_5__ops15_Iter_comp_iterINS2_29arma_sort_index_helper_ascendIdEEEEEvT_SF_T0_
FNDA:0,_ZSt6__sortIN9__gnu_cxx17__normal_iteratorIPN4arma22arma_sort_index_packetIdEESt6vectorIS4_SaIS4_EEEENS0_5__ops15_Iter_comp_iterINS2_29arma_sort_index_helper_ascendIdEEEEEvT_SF_T0_
FN:4893,_ZSt4sortIN9__gnu_cxx17__normal_iteratorIPN4arma22arma_sort_index_packetIdEESt6vectorIS4_SaIS4_EEEENS2_30arma_sort_index_helper_descendIdEEEvT_SC_T0_
FNDA:0,_ZSt4sortIN9__gnu_cxx17__normal_iteratorIPN4arma22arma_sort_index_packetIdEESt6vectorIS4_SaIS4_EEEENS2_30arma_sort_index_helper_descendIdEEEvT_SC_T0_
FN:4893,_ZSt4sortIN9__gnu_cxx17__normal_iteratorIPN4arma22arma_sort_index_packetIdEESt6vectorIS4_SaIS4_EEEENS2_29arma_sort_index_helper_ascendIdEEEvT_SC_T0_
FNDA:0,_ZSt4sortIN9__gnu_cxx17__normal_iteratorIPN4arma22arma_sort_index_packetIdEESt6vectorIS4_SaIS4_EEEENS2_29arma_sort_index_helper_ascendIdEEEvT_SC_T0_
DA:78,0
DA:81,0
DA:83,0
DA:84,0
DA:85,0
DA:86,0
DA:88,0
DA:90,0
DA:91,0
DA:92,0
DA:93,0
DA:95,0
DA:96,0
DA:78,0
DA:81,0
DA:83,0
DA:84,0
DA:85,0
DA:86,0
DA:88,0
DA:90,0
DA:91,0
DA:92,0
DA:93,0
DA:95,0
DA:96,0
DA:1673,0
DA:1677,0
DA:1678,0
DA:1679,0
DA:1680,0
DA:1681,0
DA:1673,0
DA:1677,0
DA:1678,0
DA:1679,0
DA:1680,0
DA:1681,0
DA:1826,0
DA:1830,0
DA:1831,0
DA:1832,0
DA:1833,0
DA:1835,0
DA:1836,0
DA:1837,0
DA:1839,0
DA:1840,0
DA:1826,0
DA:1830,0
DA:1831,0
DA:1832,0
DA:1833,0
DA:1835,0
DA:1836,0
DA:1837,0
DA:1839,0
DA:1840,0
DA:1845,0
DA:1848,0
DA:1850,0
DA:1852,0
DA:1855,0
DA:1856,0
DA:1857,0
DA:1860,0
DA:1845,0
DA:1848,0
DA:1850,0
DA:1852,0
DA:1855,0
DA:1856,0
DA:1857,0
DA:1860,0
DA:1868,0
DA:1871,0
DA:1872,0
DA:1874,0
DA:1868,0
DA:1871,0
DA:1872,0
DA:1874,0
DA:1885,0
DA:1888,0
DA:1890,0
DA:1891,0
DA:1895,0
DA:1896,0
DA:1885,0
DA:1888,0
DA:1890,0
DA:1891,0
DA:1895,0
DA:1896,0
DA:1901,0
DA:1907,0
DA:1908,0
DA:1909,0
DA:1910,0
DA:1911,0
DA:1912,0
DA:1913,0
DA:1914,0
DA:1915,0
DA:1901,0
DA:1907,0
DA:1908,0
DA:1909,0
DA:1910,0
DA:1911,0
DA:1912,0
DA:1913,0
DA:1914,0
DA:1915,0
DA:1922,0
DA:1925,0
DA:1926,0
DA:1928,0
DA:1922,0
DA:1925,0
DA:1926,0
DA:1928,0
DA:1933,0
DA:1938,0
DA:1939,0
DA:1940,0
DA:1933,0
DA:1938,0
DA:1939,0
DA:1940,0
DA:1945,0
DA:1949,0
DA:1951,0
DA:1953,0
DA:1954,0
DA:1956,0
DA:1958,0
DA:1959,0
DA:1960,0
DA:1945,0
DA:1949,0
DA:1951,0
DA:1953,0
DA:1954,0
DA:1956,0
DA:1958,0
DA:1959,0
DA:1960,0
DA:1968,0
DA:1971,0
DA:1973,0
DA:1974,0
DA:1976,0
DA:1978,0
DA:1968,0
DA:1971,0
DA:1973,0
DA:1974,0
DA:1976,0
DA:1978,0
DA:4893,0
DA:4905,0
DA:4906,0
DA:4893,0
DA:4905,0
DA:4906,0
end_of_record
SF:/usr/include/c++/9/ext/new_allocator.h
FN:80,_ZN9__gnu_cxx13new_allocatorIN4arma22arma_sort_index_packetIdEEEC2Ev
FNDA:0,_ZN9__gnu_cxx13new_allocatorIN4arma22arma_sort_index_packetIdEEEC2Ev
FN:80,_ZN9__gnu_cxx13new_allocatorIcEC2Ev
FNDA:0,_ZN9__gnu_cxx13new_allocatorIcEC2Ev
FN:83,_ZN9__gnu_cxx13new_allocatorIN4arma22arma_sort_index_packetIdEEEC2ERKS4_
FNDA:0,_ZN9__gnu_cxx13new_allocatorIN4arma22arma_sort_index_packetIdEEEC2ERKS4_
FN:83,_ZN9__gnu_cxx13new_allocatorIcEC2ERKS1_
FNDA:0,_ZN9__gnu_cxx13new_allocatorIcEC2ERKS1_
FN:89,_ZN9__gnu_cxx13new_allocatorIN4arma22arma_sort_index_packetIdEEED2Ev
FNDA:0,_ZN9__gnu_cxx13new_allocatorIN4arma22arma_sort_index_packetIdEEED2Ev
FN:89,_ZN9__gnu_cxx13new_allocatorIcED2Ev
FNDA:0,_ZN9__gnu_cxx13new_allocatorIcED2Ev
FN:102,_ZN9__gnu_cxx13new_allocatorIN4arma22arma_sort_index_packetIdEEE8allocateEmPKv
FNDA:0,_ZN9__gnu_cxx13new_allocatorIN4arma22arma_sort_index_packetIdEEE8allocateEmPKv
FN:119,_ZN9__gnu_cxx13new_allocatorIN4arma22arma_sort_index_packetIdEEE10deallocateEPS3_m
FNDA:0,_ZN9__gnu_cxx13new_allocatorIN4arma22arma_sort_index_packetIdEEE10deallocateEPS3_m
FN:132,_ZNK9__gnu_cxx13new_allocatorIN4arma22arma_sort_index_packetIdEEE8max_sizeEv
FNDA:0,_ZNK9__gnu_cxx13new_allocatorIN4arma22arma_sort_index_packetIdEEE8max_sizeEv
DA:80,0
DA:80,0
DA:83,0
DA:83,0
DA:89,0
DA:89,0
DA:102,0
DA:104,0
DA:105,0
DA:114,0
DA:119,0
DA:128,0
DA:129,0
DA:132,0
DA:135,0
end_of_record
SF:/usr/include/armadillo_bits/subview_cube_meat.hpp
FN:23,_ZN4arma12subview_cubeIdED2Ev
FNDA:0,_ZN4arma12subview_cubeIdED2Ev
FN:1782,_ZN4arma12subview_cubeIdE7extractERNS_3MatIdEERKS1_
FNDA:0,_ZN4arma12subview_cubeIdE7extractERNS_3MatIdEERKS1_
DA:23,0
DA:26,0
DA:32,0
DA:48,0
DA:50,0
DA:53,0
DA:1569,0
DA:1782,0
DA:1786,0
DA:1788,0
DA:1789,0
DA:1790,0
DA:1792,0
DA:1794,0
DA:1796,0
DA:1798,0
DA:1800,0
DA:1805,0
DA:1807,0
DA:1809,0
DA:1811,0
DA:1813,0
DA:1817,0
DA:1819,0
DA:1821,0
DA:1822,0
DA:1823,0
DA:1825,0
DA:1827,0
DA:1829,0
DA:1831,0
DA:1834,0
DA:1836,0
DA:1837,0
DA:1839,0
DA:1840,0
DA:1843,0
DA:1845,0
DA:1852,0
DA:1854,0
DA:1856,0
DA:1858,0
DA:1859,0
DA:1860,0
DA:1862,0
DA:1864,0
DA:1868,0
end_of_record
SF:/usr/include/armadillo_bits/arma_cmath.hpp
DA:241,0
end_of_record
SF:/usr/include/armadillo_bits/eGlueCube_meat.hpp
DA:27,0
DA:33,0
DA:35,0
DA:40,0
DA:45,0
DA:54,0
DA:64,0
DA:74,0
DA:84,0
DA:94,0
DA:108,0
DA:109,0
DA:143,0
end_of_record
SF:/usr/include/c++/9/bits/exception.h
FN:63,_ZNSt9exceptionC2Ev
FNDA:0,_ZNSt9exceptionC2Ev
DA:63,0
end_of_record
SF:/usr/include/armadillo_bits/op_sort_index_meat.hpp
FN:25,_ZN4arma22arma_sort_index_helperINS_13subview_elem1IdNS_3eOpINS_3ColIyEENS_15eop_scalar_plusEEEEELb0EEEbRNS_3MatIyEERKNS_5ProxyIT_EEy
FNDA:0,_ZN4arma22arma_sort_index_helperINS_13subview_elem1IdNS_3eOpINS_3ColIyEENS_15eop_scalar_plusEEEEELb0EEEbRNS_3MatIyEERKNS_5ProxyIT_EEy
FN:25,_ZN4arma22arma_sort_index_helperINS_13subview_elem1IdNS_3MatIyEEEELb0EEEbRS3_RKNS_5ProxyIT_EEy
FNDA:0,_ZN4arma22arma_sort_index_helperINS_13subview_elem1IdNS_3MatIyEEEELb0EEEbRS3_RKNS_5ProxyIT_EEy
FN:117,_ZN4arma13op_sort_index13apply_noaliasINS_13subview_elem1IdNS_3eOpINS_3ColIyEENS_15eop_scalar_plusEEEEEEEbRNS_3MatIyEERKNS_5ProxyIT_EEy
FNDA:0,_ZN4arma13op_sort_index13apply_noaliasINS_13subview_elem1IdNS_3eOpINS_3ColIyEENS_15eop_scalar_plusEEEEEEEbRNS_3MatIyEERKNS_5ProxyIT_EEy
FN:117,_ZN4arma13op_sort_index13apply_noaliasINS_13subview_elem1IdNS_3MatIyEEEEEEbRS4_RKNS_5ProxyIT_EEy
FNDA:0,_ZN4arma13op_sort_index13apply_noaliasINS_13subview_elem1IdNS_3MatIyEEEEEEbRS4_RKNS_5ProxyIT_EEy
FN:129,_ZN4arma13op_sort_index5applyINS_13subview_elem1IdNS_3eOpINS_3ColIyEENS_15eop_scalar_plusEEEEEEEvRNS_3MatIyEERKNS_4mtOpIyT_S0_EE
FNDA:0,_ZN4arma13op_sort_index5applyINS_13subview_elem1IdNS_3eOpINS_3ColIyEENS_15eop_scalar_plusEEEEEEEvRNS_3MatIyEERKNS_4mtOpIyT_S0_EE
FN:129,_ZN4arma13op_sort_index5applyINS_13subview_elem1IdNS_3MatIyEEEEEEvRS4_RKNS_4mtOpIyT_S0_EE
FNDA:0,_ZN4arma13op_sort_index5applyINS_13subview_elem1IdNS_3MatIyEEEEEEvRS4_RKNS_4mtOpIyT_S0_EE
DA:25,0
DA:31,0
DA:33,0
DA:35,0
DA:39,0
DA:41,0
DA:43,0
DA:45,0
DA:46,0
DA:71,0
DA:79,0
DA:94,0
DA:102,0
DA:104,0
DA:106,0
DA:109,0
DA:25,0
DA:31,0
DA:33,0
DA:35,0
DA:39,0
DA:41,0
DA:43,0
DA:45,0
DA:46,0
DA:71,0
DA:79,0
DA:94,0
DA:102,0
DA:104,0
DA:106,0
DA:109,0
DA:117,0
DA:121,0
DA:117,0
DA:121,0
DA:129,0
DA:133,0
DA:135,0
DA:137,0
DA:139,0
DA:141,0
DA:143,0
DA:145,0
DA:147,0
DA:151,0
DA:154,0
DA:129,0
DA:133,0
DA:135,0
DA:137,0
DA:139,0
DA:141,0
DA:143,0
DA:145,0
DA:147,0
DA:151,0
DA:154,0
end_of_record
SF:/usr/include/c++/9/iostream
end_of_record
SF:/usr/include/armadillo_bits/access.hpp
DA:26,0
end_of_record
SF:/usr/include/armadillo_bits/op_max_meat.hpp
FN:389,_ZN4arma6op_max10direct_maxIdEET_PKS2_yRy
FNDA:0,_ZN4arma6op_max10direct_maxIdEET_PKS2_yRy
DA:389,0
DA:393,0
DA:395,0
DA:398,0
DA:400,0
DA:401,0
DA:403,0
DA:405,0
DA:406,0
DA:409,0
DA:411,0
DA:412,0
DA:416,0
DA:418,0
DA:420,0
DA:422,0
DA:423,0
DA:427,0
DA:429,0
end_of_record
SF:/usr/include/c++/9/bits/stl_heap.h
FN:128,_ZSt11__push_heapIN9__gnu_cxx17__normal_iteratorIPN4arma22arma_sort_index_packetIdEESt6vectorIS4_SaIS4_EEEElS4_NS0_5__ops14_Iter_comp_valINS2_30arma_sort_index_helper_descendIdEEEEEvT_T0_SG_T1_RT2_
FNDA:0,_ZSt11__push_heapIN9__gnu_cxx17__normal_iteratorIPN4arma22arma_sort_index_packetIdEESt6vectorIS4_SaIS4_EEEElS4_NS0_5__ops14_Iter_comp_valINS2_30arma_sort_index_helper_descendIdEEEEEvT_T0_SG_T1_RT2_
FN:128,_ZSt11__push_heapIN9__gnu_cxx17__normal_iteratorIPN4arma22arma_sort_index_packetIdEESt6vectorIS4_SaIS4_EEEElS4_NS0_5__ops14_Iter_comp_valINS2_29arma_sort_index_helper_ascendIdEEEEEvT_T0_SG_T1_RT2_
FNDA:0,_ZSt11__push_heapIN9__gnu_cxx17__normal_iteratorIPN4arma22arma_sort_index_packetIdEESt6vectorIS4_SaIS4_EEEElS4_NS0_5__ops14_Iter_comp_valINS2_29arma_sort_index_helper_ascendIdEEEEEvT_T0_SG_T1_RT2_
FN:214,_ZSt13__adjust_heapIN9__gnu_cxx17__normal_iteratorIPN4arma22arma_sort_index_packetIdEESt6vectorIS4_SaIS4_EEEElS4_NS0_5__ops15_Iter_comp_iterINS2_30arma_sort_index_helper_descendIdEEEEEvT_T0_SG_T1_T2_
FNDA:0,_ZSt13__adjust_heapIN9__gnu_cxx17__normal_iteratorIPN4arma22arma_sort_index_packetIdEESt6vectorIS4_SaIS4_EEEElS4_NS0_5__ops15_Iter_comp_iterINS2_30arma_sort_index_helper_descendIdEEEEEvT_T0_SG_T1_T2_
FN:214,_ZSt13__adjust_heapIN9__gnu_cxx17__normal_iteratorIPN4arma22arma_sort_index_packetIdEESt6vectorIS4_SaIS4_EEEElS4_NS0_5__ops15_Iter_comp_iterINS2_29arma_sort_index_helper_ascendIdEEEEEvT_T0_SG_T1_T2_
FNDA:0,_ZSt13__adjust_heapIN9__gnu_cxx17__normal_iteratorIPN4arma22arma_sort_index_packetIdEESt6vectorIS4_SaIS4_EEEElS4_NS0_5__ops15_Iter_comp_iterINS2_29arma_sort_index_helper_ascendIdEEEEEvT_T0_SG_T1_T2_
FN:243,_ZSt10__pop_heapIN9__gnu_cxx17__normal_iteratorIPN4arma22arma_sort_index_packetIdEESt6vectorIS4_SaIS4_EEEENS0_5__ops15_Iter_comp_iterINS2_30arma_sort_index_helper_descendIdEEEEEvT_SF_SF_RT0_
FNDA:0,_ZSt10__pop_heapIN9__gnu_cxx17__normal_iteratorIPN4arma22arma_sort_index_packetIdEESt6vectorIS4_SaIS4_EEEENS0_5__ops15_Iter_comp_iterINS2_30arma_sort_index_helper_descendIdEEEEEvT_SF_SF_RT0_
FN:243,_ZSt10__pop_heapIN9__gnu_cxx17__normal_iteratorIPN4arma22arma_sort_index_packetIdEESt6vectorIS4_SaIS4_EEEENS0_5__ops15_Iter_comp_iterINS2_29arma_sort_index_helper_ascendIdEEEEEvT_SF_SF_RT0_
FNDA:0,_ZSt10__pop_heapIN9__gnu_cxx17__normal_iteratorIPN4arma22arma_sort_index_packetIdEESt6vectorIS4_SaIS4_EEEENS0_5__ops15_Iter_comp_iterINS2_29arma_sort_index_helper_ascendIdEEEEEvT_SF_SF_RT0_
FN:326,_ZSt11__make_heapIN9__gnu_cxx17__normal_iteratorIPN4arma22arma_sort_index_packetIdEESt6vectorIS4_SaIS4_EEEENS0_5__ops15_Iter_comp_iterINS2_30arma_sort_index_helper_descendIdEEEEEvT_SF_RT0_
FNDA:0,_ZSt11__make_heapIN9__gnu_cxx17__normal_iteratorIPN4arma22arma_sort_index_packetIdEESt6vectorIS4_SaIS4_EEEENS0_5__ops15_Iter_comp_iterINS2_30arma_sort_index_helper_descendIdEEEEEvT_SF_RT0_
FN:326,_ZSt11__make_heapIN9__gnu_cxx17__normal_iteratorIPN4arma22arma_sort_index_packetIdEESt6vectorIS4_SaIS4_EEEENS0_5__ops15_Iter_comp_iterINS2_29arma_sort_index_helper_ascendIdEEEEEvT_SF_RT0_
FNDA:0,_ZSt11__make_heapIN9__gnu_cxx17__normal_iteratorIPN4arma22arma_sort_index_packetIdEESt6vectorIS4_SaIS4_EEEENS0_5__ops15_Iter_comp_iterINS2_29arma_sort_index_helper_ascendIdEEEEEvT_SF_RT0_
FN:402,_ZSt11__sort_heapIN9__gnu_cxx17__normal_iteratorIPN4arma22arma_sort_index_packetIdEESt6vectorIS4_SaIS4_EEEENS0_5__ops15_Iter_comp_iterINS2_30arma_sort_index_helper_descendIdEEEEEvT_SF_RT0_
FNDA:0,_ZSt11__sort_heapIN9__gnu_cxx17__normal_iteratorIPN4arma22arma_sort_index_packetIdEESt6vectorIS4_SaIS4_EEEENS0_5__ops15_Iter_comp_iterINS2_30arma_sort_index_helper_descendIdEEEEEvT_SF_RT0_
FN:402,_ZSt11__sort_heapIN9__gnu_cxx17__normal_iteratorIPN4arma22arma_sort_index_packetIdEESt6vectorIS4_SaIS4_EEEENS0_5__ops15_Iter_comp_iterINS2_29arma_sort_index_helper_ascendIdEEEEEvT_SF_RT0_
FNDA:0,_ZSt11__sort_heapIN9__gnu_cxx17__normal_iteratorIPN4arma22arma_sort_index_packetIdEESt6vectorIS4_SaIS4_EEEENS0_5__ops15_Iter_comp_iterINS2_29arma_sort_index_helper_ascendIdEEEEEvT_SF_RT0_
DA:128,0
DA:132,0
DA:133,0
DA:135,0
DA:136,0
DA:137,0
DA:139,0
DA:140,0
DA:128,0
DA:132,0
DA:133,0
DA:135,0
DA:136,0
DA:137,0
DA:139,0
DA:140,0
DA:214,0
DA:217,0
DA:218,0
DA:219,0
DA:221,0
DA:222,0
DA:224,0
DA:225,0
DA:226,0
DA:228,0
DA:230,0
DA:231,0
DA:233,0
DA:236,0
DA:237,0
DA:238,0
DA:239,0
DA:214,0
DA:217,0
DA:218,0
DA:219,0
DA:221,0
DA:222,0
DA:224,0
DA:225,0
DA:226,0
DA:228,0
DA:230,0
DA:231,0
DA:233,0
DA:236,0
DA:237,0
DA:238,0
DA:239,0
DA:243,0
DA:251,0
DA:252,0
DA:253,0
DA:254,0
DA:255,0
DA:256,0
DA:243,0
DA:251,0
DA:252,0
DA:253,0
DA:254,0
DA:255,0
DA:256,0
DA:326,0
DA:334,0
DA:335,0
DA:337,0
DA:338,0
DA:339,0
DA:341,0
DA:342,0
DA:344,0
DA:345,0
DA:346,0
DA:326,0
DA:334,0
DA:335,0
DA:337,0
DA:338,0
DA:339,0
DA:341,0
DA:342,0
DA:344,0
DA:345,0
DA:346,0
DA:402,0
DA:405,0
DA:407,0
DA:408,0
DA:410,0
DA:402,0
DA:405,0
DA:407,0
DA:408,0
DA:410,0
end_of_record
SF:/usr/include/armadillo_bits/glue_solve_bones.hpp
FN:92,_ZN4arma10solve_opts4optsC2Ey
FNDA:0,_ZN4arma10solve_opts4optsC2Ey
FN:121,_ZN4arma10solve_opts9opts_noneC2Ev
FNDA:0,_ZN4arma10solve_opts9opts_noneC2Ev
FN:122,_ZN4arma10solve_opts9opts_fastC2Ev
FNDA:0,_ZN4arma10solve_opts9opts_fastC2Ev
FN:123,_ZN4arma10solve_opts16opts_equilibrateC2Ev
FNDA:0,_ZN4arma10solve_opts16opts_equilibrateC2Ev
FN:124,_ZN4arma10solve_opts14opts_no_approxC2Ev
FNDA:0,_ZN4arma10solve_opts14opts_no_approxC2Ev
FN:125,_ZN4arma10solve_opts9opts_triuC2Ev
FNDA:0,_ZN4arma10solve_opts9opts_triuC2Ev
FN:126,_ZN4arma10solve_opts9opts_trilC2Ev
FNDA:0,_ZN4arma10solve_opts9opts_trilC2Ev
FN:127,_ZN4arma10solve_opts12opts_no_bandC2Ev
FNDA:0,_ZN4arma10solve_opts12opts_no_bandC2Ev
FN:128,_ZN4arma10solve_opts13opts_no_sympdC2Ev
FNDA:0,_ZN4arma10solve_opts13opts_no_sympdC2Ev
FN:129,_ZN4arma10solve_opts15opts_allow_uglyC2Ev
FNDA:0,_ZN4arma10solve_opts15opts_allow_uglyC2Ev
FN:130,_ZN4arma10solve_opts17opts_likely_sympdC2Ev
FNDA:0,_ZN4arma10solve_opts17opts_likely_sympdC2Ev
FN:131,_ZN4arma10solve_opts11opts_refineC2Ev
FNDA:0,_ZN4arma10solve_opts11opts_refineC2Ev
FN:132,_ZN4arma10solve_opts14opts_no_trimatC2Ev
FNDA:0,_ZN4arma10solve_opts14opts_no_trimatC2Ev
DA:92,0
DA:93,0
DA:94,0
DA:121,0
DA:122,0
DA:123,0
DA:124,0
DA:125,0
DA:126,0
DA:127,0
DA:128,0
DA:129,0
DA:130,0
DA:131,0
DA:132,0
end_of_record
SF:/usr/include/armadillo_bits/fn_sort_index.hpp
FN:69,_ZN4arma10sort_indexINS_13subview_elem1IdNS_3eOpINS_3ColIyEENS_15eop_scalar_plusEEEEEcEENS_10enable_if2IXaaeqsrNS_12is_arma_typeIT_EE5valueLb1EeqsrNS_12is_same_typeIT0_cEE5valueLb1EEKNS_4mtOpIySA_NS_13op_sort_indexEEEE6resultERKSA_PKSD_
FNDA:0,_ZN4arma10sort_indexINS_13subview_elem1IdNS_3eOpINS_3ColIyEENS_15eop_scalar_plusEEEEEcEENS_10enable_if2IXaaeqsrNS_12is_arma_typeIT_EE5valueLb1EeqsrNS_12is_same_typeIT0_cEE5valueLb1EEKNS_4mtOpIySA_NS_13op_sort_indexEEEE6resultERKSA_PKSD_
FN:69,_ZN4arma10sort_indexINS_13subview_elem1IdNS_3MatIyEEEEcEENS_10enable_if2IXaaeqsrNS_12is_arma_typeIT_EE5valueLb1EeqsrNS_12is_same_typeIT0_cEE5valueLb1EEKNS_4mtOpIyS7_NS_13op_sort_indexEEEE6resultERKS7_PKSA_
FNDA:0,_ZN4arma10sort_indexINS_13subview_elem1IdNS_3MatIyEEEEcEENS_10enable_if2IXaaeqsrNS_12is_arma_typeIT_EE5valueLb1EeqsrNS_12is_same_typeIT0_cEE5valueLb1EEKNS_4mtOpIyS7_NS_13op_sort_indexEEEE6resultERKS7_PKSA_
DA:69,0
DA:77,0
DA:79,0
DA:81,0
DA:69,0
DA:77,0
DA:79,0
DA:81,0
end_of_record
SF:/usr/include/c++/9/bits/basic_string.h
FN:247,_ZNSt7__cxx1112basic_stringIcSt11char_traitsIcESaIcEE16_M_construct_auxIPcEEvT_S7_St12__false_type
FNDA:0,_ZNSt7__cxx1112basic_stringIcSt11char_traitsIcESaIcEE16_M_construct_auxIPcEEvT_S7_St12__false_type
FN:247,_ZNSt7__cxx1112basic_stringIcSt11char_traitsIcESaIcEE16_M_construct_auxIPKcEEvT_S8_St12__false_type
FNDA:0,_ZNSt7__cxx1112basic_stringIcSt11char_traitsIcESaIcEE16_M_construct_auxIPKcEEvT_S8_St12__false_type
FN:267,_ZNSt7__cxx1112basic_stringIcSt11char_traitsIcESaIcEE12_M_constructIPcEEvT_S7_
FNDA:0,_ZNSt7__cxx1112basic_stringIcSt11char_traitsIcESaIcEE12_M_constructIPcEEvT_S7_
FN:267,_ZNSt7__cxx1112basic_stringIcSt11char_traitsIcESaIcEE12_M_constructIPKcEEvT_S8_
FNDA:0,_ZNSt7__cxx1112basic_stringIcSt11char_traitsIcESaIcEE12_M_constructIPKcEEvT_S8_
DA:247,0
DA:251,0
DA:252,0
DA:247,0
DA:251,0
DA:252,0
DA:267,0
DA:270,0
DA:271,0
DA:267,0
DA:270,0
DA:271,0
end_of_record
SF:/usr/include/c++/9/limits
FN:1274,_ZNSt14numeric_limitsImE3maxEv
FNDA:0,_ZNSt14numeric_limitsImE3maxEv
FN:1781,_ZNSt14numeric_limitsIdE8infinityEv
FNDA:0,_ZNSt14numeric_limitsIdE8infinityEv
FN:1784,_ZNSt14numeric_limitsIdE9quiet_NaNEv
FNDA:0,_ZNSt14numeric_limitsIdE9quiet_NaNEv
DA:1274,0
DA:1781,0
DA:1784,0
end_of_record
SF:/usr/include/armadillo_bits/arma_forward.hpp
FN:379,_ZN4arma9hdf5_opts4optsC2Ej
FNDA:0,_ZN4arma9hdf5_opts4optsC2Ej
FN:400,_ZN4arma9hdf5_opts9opts_noneC2Ev
FNDA:0,_ZN4arma9hdf5_opts9opts_noneC2Ev
FN:401,_ZN4arma9hdf5_opts10opts_transC2Ev
FNDA:0,_ZN4arma9hdf5_opts10opts_transC2Ev
FN:402,_ZN4arma9hdf5_opts11opts_appendC2Ev
FNDA:0,_ZN4arma9hdf5_opts11opts_appendC2Ev
FN:403,_ZN4arma9hdf5_opts12opts_replaceC2Ev
FNDA:0,_ZN4arma9hdf5_opts12opts_replaceC2Ev
FN:451,_ZN4arma4fill10fill_classINS0_10fill_randnEEC2Ev
FNDA:0,_ZN4arma4fill10fill_classINS0_10fill_randnEEC2Ev
FN:451,_ZN4arma4fill10fill_classINS0_10fill_randuEEC2Ev
FNDA:0,_ZN4arma4fill10fill_classINS0_10fill_randuEEC2Ev
FN:451,_ZN4arma4fill10fill_classINS0_8fill_eyeEEC2Ev
FNDA:0,_ZN4arma4fill10fill_classINS0_8fill_eyeEEC2Ev
FN:451,_ZN4arma4fill10fill_classINS0_9fill_onesEEC2Ev
FNDA:0,_ZN4arma4fill10fill_classINS0_9fill_onesEEC2Ev
FN:451,_ZN4arma4fill10fill_classINS0_10fill_zerosEEC2Ev
FNDA:0,_ZN4arma4fill10fill_classINS0_10fill_zerosEEC2Ev
FN:451,_ZN4arma4fill10fill_classINS0_9fill_noneEEC2Ev
FNDA:0,_ZN4arma4fill10fill_classINS0_9fill_noneEEC2Ev
DA:379,0
DA:380,0
DA:381,0
DA:400,0
DA:401,0
DA:402,0
DA:403,0
DA:451,0
DA:451,0
DA:451,0
DA:451,0
DA:451,0
DA:451,0
end_of_record
SF:/usr/include/armadillo_bits/Base_meat.hpp
DA:27,0
end_of_record
SF:/usr/include/c++/9/bits/stl_iterator_base_funcs.h
FN:98,_ZSt10__distanceIPcENSt15iterator_traitsIT_E15difference_typeES2_S2_St26random_access_iterator_tag
FNDA:0,_ZSt10__distanceIPcENSt15iterator_traitsIT_E15difference_typeES2_S2_St26random_access_iterator_tag
FN:98,_ZSt10__distanceIPKcENSt15iterator_traitsIT_E15difference_typeES3_S3_St26random_access_iterator_tag
FNDA:0,_ZSt10__distanceIPKcENSt15iterator_traitsIT_E15difference_typeES3_S3_St26random_access_iterator_tag
FN:138,_ZSt8distanceIPcENSt15iterator_traitsIT_E15difference_typeES2_S2_
FNDA:0,_ZSt8distanceIPcENSt15iterator_traitsIT_E15difference_typeES2_S2_
FN:138,_ZSt8distanceIPKcENSt15iterator_traitsIT_E15difference_typeES3_S3_
FNDA:0,_ZSt8distanceIPKcENSt15iterator_traitsIT_E15difference_typeES3_S3_
DA:98,0
DA:104,0
DA:98,0
DA:104,0
DA:138,0
DA:141,0
DA:142,0
DA:138,0
DA:141,0
DA:142,0
end_of_record
SF:/usr/include/c++/9/bits/char_traits.h
FN:336,_ZNSt11char_traitsIcE6lengthEPKc
FNDA:0,_ZNSt11char_traitsIcE6lengthEPKc
DA:336,0
DA:342,0
end_of_record
SF:/usr/include/c++/9/bits/stl_algobase.h
FN:123,_ZSt9iter_swapIN9__gnu_cxx17__normal_iteratorIPN4arma22arma_sort_index_packetIdEESt6vectorIS4_SaIS4_EEEES9_EvT_T0_
FNDA:0,_ZSt9iter_swapIN9__gnu_cxx17__normal_iteratorIPN4arma22arma_sort_index_packetIdEESt6vectorIS4_SaIS4_EEEES9_EvT_T0_
FN:198,_ZSt3minImERKT_S2_S2_
FNDA:0,_ZSt3minImERKT_S2_S2_
FN:280,_ZSt12__niter_baseIPN4arma22arma_sort_index_packetIdEEET_S4_
FNDA:0,_ZSt12__niter_baseIPN4arma22arma_sort_index_packetIdEEET_S4_
FN:289,_ZSt12__niter_wrapIN9__gnu_cxx17__normal_iteratorIPN4arma22arma_sort_index_packetIdEESt6vectorIS4_SaIS4_EEEES5_ET_SA_T0_
FNDA:0,_ZSt12__niter_wrapIN9__gnu_cxx17__normal_iteratorIPN4arma22arma_sort_index_packetIdEESt6vectorIS4_SaIS4_EEEES5_ET_SA_T0_
FN:295,_ZSt12__niter_wrapIPN4arma22arma_sort_index_packetIdEEET_RKS4_S4_
FNDA:0,_ZSt12__niter_wrapIPN4arma22arma_sort_index_packetIdEEET_RKS4_S4_
FN:577,_ZNSt20__copy_move_backwardILb1ELb1ESt26random_access_iterator_tagE13__copy_move_bIN4arma22arma_sort_index_packetIdEEEEPT_PKS6_S9_S7_
FNDA:0,_ZNSt20__copy_move_backwardILb1ELb1ESt26random_access_iterator_tagE13__copy_move_bIN4arma22arma_sort_index_packetIdEEEEPT_PKS6_S9_S7_
FN:595,_ZSt22__copy_move_backward_aILb1EPN4arma22arma_sort_index_packetIdEES3_ET1_T0_S5_S4_
FNDA:0,_ZSt22__copy_move_backward_aILb1EPN4arma22arma_sort_index_packetIdEES3_ET1_T0_S5_S4_
FN:613,_ZSt23__copy_move_backward_a2ILb1EN9__gnu_cxx17__normal_iteratorIPN4arma22arma_sort_index_packetIdEESt6vectorIS4_SaIS4_EEEES9_ET1_T0_SB_SA_
FNDA:0,_ZSt23__copy_move_backward_a2ILb1EN9__gnu_cxx17__normal_iteratorIPN4arma22arma_sort_index_packetIdEESt6vectorIS4_SaIS4_EEEES9_ET1_T0_SB_SA_
FN:676,_ZSt13move_backwardIN9__gnu_cxx17__normal_iteratorIPN4arma22arma_sort_index_packetIdEESt6vectorIS4_SaIS4_EEEES9_ET0_T_SB_SA_
FNDA:0,_ZSt13move_backwardIN9__gnu_cxx17__normal_iteratorIPN4arma22arma_sort_index_packetIdEESt6vectorIS4_SaIS4_EEEES9_ET0_T_SB_SA_
FN:756,_ZSt10__fill_n_aIPN4arma22arma_sort_index_packetIdEEmS2_EN9__gnu_cxx11__enable_ifIXntsrSt11__is_scalarIT1_E7__valueET_E6__typeES9_T0_RKS7_
FNDA:0,_ZSt10__fill_n_aIPN4arma22arma_sort_index_packetIdEEmS2_EN9__gnu_cxx11__enable_ifIXntsrSt11__is_scalarIT1_E7__valueET_E6__typeES9_T0_RKS7_
FN:802,_ZSt6fill_nIPN4arma22arma_sort_index_packetIdEEmS2_ET_S4_T0_RKT1_
FNDA:0,_ZSt6fill_nIPN4arma22arma_sort_index_packetIdEEmS2_ET_S4_T0_RKT1_
FN:1028,_ZSt4__lgl
FNDA:0,_ZSt4__lgl
DA:123,0
DA:151,0
DA:153,0
DA:198,0
DA:203,0
DA:204,0
DA:205,0
DA:280,0
DA:282,0
DA:289,0
DA:290,0
DA:295,0
DA:296,0
DA:577,0
DA:586,0
DA:587,0
DA:588,0
DA:589,0
DA:595,0
DA:600,0
DA:606,0
DA:608,0
DA:613,0
DA:615,0
DA:618,0
DA:676,0
DA:686,0
DA:688,0
DA:756,0
DA:758,0
DA:759,0
DA:760,0
DA:761,0
DA:802,0
DA:808,0
DA:809,0
DA:1028,0
DA:1029,0
end_of_record
SF:/usr/include/armadillo_bits/Cube_meat.hpp
FN:23,_ZN4arma4CubeIdED2Ev
FNDA:0,_ZN4arma4CubeIdED2Ev
FN:106,_ZN4arma4CubeIdEC2INS_4fill10fill_zerosEEEyyyRKNS3_10fill_classIT_EE
FNDA:0,_ZN4arma4CubeIdEC2INS_4fill10fill_zerosEEEyyyRKNS3_10fill_classIT_EE
FN:198,_ZN4arma4CubeIdE9init_coldEv
FNDA:0,_ZN4arma4CubeIdE9init_coldEv
FN:245,_ZN4arma4CubeIdE9init_warmEyyy
FNDA:0,_ZN4arma4CubeIdE9init_warmEyyy
FN:426,_ZN4arma4CubeIdE10delete_matEv
FNDA:0,_ZN4arma4CubeIdE10delete_matEv
FN:449,_ZN4arma4CubeIdE10create_matEv
FNDA:0,_ZN4arma4CubeIdE10create_matEv
FN:561,_ZN4arma4CubeIdEC2ERKS1_
FNDA:0,_ZN4arma4CubeIdEC2ERKS1_
FN:2664,_ZN4arma4CubeIdEaSINS_9eGlueCubeINS3_INS3_INS3_IS1_S1_NS_10eglue_plusEEES1_S4_EES1_S4_EES1_S4_EENS_19eop_scalar_div_postEEERS1_RKNS_7eOpCubeIT_T0_EE
FNDA:0,_ZN4arma4CubeIdEaSINS_9eGlueCubeINS3_INS3_INS3_IS1_S1_NS_10eglue_plusEEES1_S4_EES1_S4_EES1_S4_EENS_19eop_scalar_div_postEEERS1_RKNS_7eOpCubeIT_T0_EE
FN:2975,_ZN4arma4CubeIdEC2INS_7eOpCubeIS1_NS_16eop_scalar_timesEEES1_NS_11eglue_minusEEERKNS_9eGlueCubeIT_T0_T1_EE
FNDA:0,_ZN4arma4CubeIdEC2INS_7eOpCubeIS1_NS_16eop_scalar_timesEEES1_NS_11eglue_minusEEERKNS_9eGlueCubeIT_T0_T1_EE
FN:3002,_ZN4arma4CubeIdEaSINS_7eOpCubeIS1_NS_19eop_scalar_div_postEEES5_NS_10eglue_plusEEERS1_RKNS_9eGlueCubeIT_T0_T1_EE
FNDA:0,_ZN4arma4CubeIdEaSINS_7eOpCubeIS1_NS_19eop_scalar_div_postEEES5_NS_10eglue_plusEEERS1_RKNS_9eGlueCubeIT_T0_T1_EE
FN:3993,_ZN4arma4CubeIdE5zerosEv
FNDA:0,_ZN4arma4CubeIdE5zerosEv
DA:23,0
DA:27,0
DA:29,0
DA:31,0
DA:37,0
DA:38,0
DA:42,0
DA:106,0
DA:109,0
DA:111,0
DA:114,0
DA:118,0
DA:120,0
DA:126,0
DA:198,0
DA:203,0
DA:209,0
DA:211,0
DA:212,0
DA:219,0
DA:221,0
DA:223,0
DA:228,0
DA:234,0
DA:237,0
DA:238,0
DA:245,0
DA:249,0
DA:251,0
DA:253,0
DA:254,0
DA:256,0
DA:259,0
DA:265,0
DA:269,0
DA:270,0
DA:276,0
DA:278,0
DA:279,0
DA:281,0
DA:285,0
DA:287,0
DA:288,0
DA:289,0
DA:290,0
DA:292,0
DA:296,0
DA:298,0
DA:300,0
DA:302,0
DA:304,0
DA:307,0
DA:310,0
DA:312,0
DA:317,0
DA:327,0
DA:330,0
DA:333,0
DA:336,0
DA:341,0
DA:344,0
DA:347,0
DA:348,0
DA:349,0
DA:350,0
DA:351,0
DA:353,0
DA:426,0
DA:430,0
DA:432,0
DA:434,0
DA:437,0
DA:439,0
DA:442,0
DA:449,0
DA:453,0
DA:455,0
DA:459,0
DA:461,0
DA:463,0
DA:467,0
DA:469,0
DA:473,0
DA:475,0
DA:478,0
DA:561,0
DA:562,0
DA:563,0
DA:564,0
DA:565,0
DA:566,0
DA:569,0
DA:574,0
DA:576,0
DA:577,0
DA:1462,0
DA:1463,0
DA:1467,0
DA:1715,0
DA:2664,0
DA:2670,0
DA:2674,0
DA:2676,0
DA:2685,0
DA:2975,0
DA:2983,0
DA:2990,0
DA:2992,0
DA:2993,0
DA:3002,0
DA:3009,0
DA:3013,0
DA:3015,0
DA:3024,0
DA:3207,0
DA:3210,0
DA:3222,0
DA:3223,0
DA:3259,0
DA:3296,0
DA:3297,0
DA:3298,0
DA:3299,0
DA:3304,0
DA:3349,0
DA:3560,0
DA:3572,0
DA:3993,0
DA:3997,0
DA:3999,0
end_of_record
SF:/usr/include/armadillo_bits/op_sort_index_bones.hpp
DA:66,0
DA:79,0
end_of_record
SF:/usr/include/c++/9/bits/stl_vector.h
FN:94,_ZNSt12_Vector_baseIN4arma22arma_sort_index_packetIdEESaIS2_EE17_Vector_impl_dataC2Ev
FNDA:0,_ZNSt12_Vector_baseIN4arma22arma_sort_index_packetIdEESaIS2_EE17_Vector_impl_dataC2Ev
FN:133,_ZNSt12_Vector_baseIN4arma22arma_sort_index_packetIdEESaIS2_EE12_Vector_implC2ERKS3_
FNDA:0,_ZNSt12_Vector_baseIN4arma22arma_sort_index_packetIdEESaIS2_EE12_Vector_implC2ERKS3_
FN:273,_ZNSt12_Vector_baseIN4arma22arma_sort_index_packetIdEESaIS2_EE19_M_get_Tp_allocatorEv
FNDA:0,_ZNSt12_Vector_baseIN4arma22arma_sort_index_packetIdEESaIS2_EE19_M_get_Tp_allocatorEv
FN:300,_ZNSt12_Vector_baseIN4arma22arma_sort_index_packetIdEESaIS2_EEC2EmRKS3_
FNDA:0,_ZNSt12_Vector_baseIN4arma22arma_sort_index_packetIdEESaIS2_EEC2EmRKS3_
FN:330,_ZNSt12_Vector_baseIN4arma22arma_sort_index_packetIdEESaIS2_EED2Ev
FNDA:0,_ZNSt12_Vector_baseIN4arma22arma_sort_index_packetIdEESaIS2_EED2Ev
FN:340,_ZNSt12_Vector_baseIN4arma22arma_sort_index_packetIdEESaIS2_EE11_M_allocateEm
FNDA:0,_ZNSt12_Vector_baseIN4arma22arma_sort_index_packetIdEESaIS2_EE11_M_allocateEm
FN:347,_ZNSt12_Vector_baseIN4arma22arma_sort_index_packetIdEESaIS2_EE13_M_deallocateEPS2_m
FNDA:0,_ZNSt12_Vector_baseIN4arma22arma_sort_index_packetIdEESaIS2_EE13_M_deallocateEPS2_m
FN:356,_ZNSt12_Vector_baseIN4arma22arma_sort_index_packetIdEESaIS2_EE17_M_create_storageEm
FNDA:0,_ZNSt12_Vector_baseIN4arma22arma_sort_index_packetIdEESaIS2_EE17_M_create_storageEm
FN:507,_ZNSt6vectorIN4arma22arma_sort_index_packetIdEESaIS2_EEC2EmRKS3_
FNDA:0,_ZNSt6vectorIN4arma22arma_sort_index_packetIdEESaIS2_EEC2EmRKS3_
FN:675,_ZNSt6vectorIN4arma22arma_sort_index_packetIdEESaIS2_EED2Ev
FNDA:0,_ZNSt6vectorIN4arma22arma_sort_index_packetIdEESaIS2_EED2Ev
FN:808,_ZNSt6vectorIN4arma22arma_sort_index_packetIdEESaIS2_EE5beginEv
FNDA:0,_ZNSt6vectorIN4arma22arma_sort_index_packetIdEESaIS2_EE5beginEv
FN:826,_ZNSt6vectorIN4arma22arma_sort_index_packetIdEESaIS2_EE3endEv
FNDA:0,_ZNSt6vectorIN4arma22arma_sort_index_packetIdEESaIS2_EE3endEv
FN:1040,_ZNSt6vectorIN4arma22arma_sort_index_packetIdEESaIS2_EEixEm
FNDA:0,_ZNSt6vectorIN4arma22arma_sort_index_packetIdEESaIS2_EEixEm
FN:1600,_ZNSt6vectorIN4arma22arma_sort_index_packetIdEESaIS2_EE21_M_default_initializeEm
FNDA:0,_ZNSt6vectorIN4arma22arma_sort_index_packetIdEESaIS2_EE21_M_default_initializeEm
FN:1764,_ZNSt6vectorIN4arma22arma_sort_index_packetIdEESaIS2_EE17_S_check_init_lenEmRKS3_
FNDA:0,_ZNSt6vectorIN4arma22arma_sort_index_packetIdEESaIS2_EE17_S_check_init_lenEmRKS3_
FN:1773,_ZNSt6vectorIN4arma22arma_sort_index_packetIdEESaIS2_EE11_S_max_sizeERKS3_
FNDA:0,_ZNSt6vectorIN4arma22arma_sort_index_packetIdEESaIS2_EE11_S_max_sizeERKS3_
DA:94,0
DA:95,0
DA:96,0
DA:133,0
DA:134,0
DA:135,0
DA:273,0
DA:274,0
DA:300,0
DA:301,0
DA:302,0
DA:330,0
DA:332,0
DA:333,0
DA:334,0
DA:340,0
DA:343,0
DA:347,0
DA:350,0
DA:351,0
DA:352,0
DA:356,0
DA:358,0
DA:359,0
DA:360,0
DA:361,0
DA:507,0
DA:508,0
DA:509,0
DA:675,0
DA:677,0
DA:678,0
DA:680,0
DA:808,0
DA:809,0
DA:826,0
DA:827,0
DA:1040,0
DA:1043,0
DA:1600,0
DA:1602,0
DA:1603,0
DA:1604,0
DA:1605,0
DA:1764,0
DA:1766,0
DA:1767,0
DA:1769,0
DA:1773,0
DA:1778,0
DA:1780,0
DA:1781,0
end_of_record
SF:/usr/include/c++/9/ext/type_traits.h
FN:152,_ZN9__gnu_cxx17__is_null_pointerIcEEbPT_
FNDA:0,_ZN9__gnu_cxx17__is_null_pointerIcEEbPT_
FN:152,_ZN9__gnu_cxx17__is_null_pointerIKcEEbPT_
FNDA:0,_ZN9__gnu_cxx17__is_null_pointerIKcEEbPT_
DA:152,0
DA:153,0
DA:152,0
DA:153,0
end_of_record
SF:/usr/include/c++/9/bits/stl_iterator.h
FN:803,_ZN9__gnu_cxx17__normal_iteratorIPN4arma22arma_sort_index_packetIdEESt6vectorIS3_SaIS3_EEEC2ERKS4_
FNDA:0,_ZN9__gnu_cxx17__normal_iteratorIPN4arma22arma_sort_index_packetIdEESt6vectorIS3_SaIS3_EEEC2ERKS4_
FN:816,_ZNK9__gnu_cxx17__normal_iteratorIPN4arma22arma_sort_index_packetIdEESt6vectorIS3_SaIS3_EEEdeEv
FNDA:0,_ZNK9__gnu_cxx17__normal_iteratorIPN4arma22arma_sort_index_packetIdEESt6vectorIS3_SaIS3_EEEdeEv
FN:824,_ZN9__gnu_cxx17__normal_iteratorIPN4arma22arma_sort_index_packetIdEESt6vectorIS3_SaIS3_EEEppEv
FNDA:0,_ZN9__gnu_cxx17__normal_iteratorIPN4arma22arma_sort_index_packetIdEESt6vectorIS3_SaIS3_EEEppEv
FN:836,_ZN9__gnu_cxx17__normal_iteratorIPN4arma22arma_sort_index_packetIdEESt6vectorIS3_SaIS3_EEEmmEv
FNDA:0,_ZN9__gnu_cxx17__normal_iteratorIPN4arma22arma_sort_index_packetIdEESt6vectorIS3_SaIS3_EEEmmEv
FN:856,_ZNK9__gnu_cxx17__normal_iteratorIPN4arma22arma_sort_index_packetIdEESt6vectorIS3_SaIS3_EEEplEl
FNDA:0,_ZNK9__gnu_cxx17__normal_iteratorIPN4arma22arma_sort_index_packetIdEESt6vectorIS3_SaIS3_EEEplEl
FN:864,_ZNK9__gnu_cxx17__normal_iteratorIPN4arma22arma_sort_index_packetIdEESt6vectorIS3_SaIS3_EEEmiEl
FNDA:0,_ZNK9__gnu_cxx17__normal_iteratorIPN4arma22arma_sort_index_packetIdEESt6vectorIS3_SaIS3_EEEmiEl
FN:868,_ZNK9__gnu_cxx17__normal_iteratorIPN4arma22arma_sort_index_packetIdEESt6vectorIS3_SaIS3_EEE4baseEv
FNDA:0,_ZNK9__gnu_cxx17__normal_iteratorIPN4arma22arma_sort_index_packetIdEESt6vectorIS3_SaIS3_EEE4baseEv
FN:890,_ZN9__gnu_cxxeqIPN4arma22arma_sort_index_packetIdEESt6vectorIS3_SaIS3_EEEEbRKNS_17__normal_iteratorIT_T0_EESD_
FNDA:0,_ZN9__gnu_cxxeqIPN4arma22arma_sort_index_packetIdEESt6vectorIS3_SaIS3_EEEEbRKNS_17__normal_iteratorIT_T0_EESD_
FN:904,_ZN9__gnu_cxxneIPN4arma22arma_sort_index_packetIdEESt6vectorIS3_SaIS3_EEEEbRKNS_17__normal_iteratorIT_T0_EESD_
FNDA:0,_ZN9__gnu_cxxneIPN4arma22arma_sort_index_packetIdEESt6vectorIS3_SaIS3_EEEEbRKNS_17__normal_iteratorIT_T0_EESD_
FN:919,_ZN9__gnu_cxxltIPN4arma22arma_sort_index_packetIdEESt6vectorIS3_SaIS3_EEEEbRKNS_17__normal_iteratorIT_T0_EESD_
FNDA:0,_ZN9__gnu_cxxltIPN4arma22arma_sort_index_packetIdEESt6vectorIS3_SaIS3_EEEEbRKNS_17__normal_iteratorIT_T0_EESD_
FN:986,_ZN9__gnu_cxxmiIPN4arma22arma_sort_index_packetIdEESt6vectorIS3_SaIS3_EEEENS_17__normal_iteratorIT_T0_E15difference_typeERKSB_SE_
FNDA:0,_ZN9__gnu_cxxmiIPN4arma22arma_sort_index_packetIdEESt6vectorIS3_SaIS3_EEEENS_17__normal_iteratorIT_T0_E15difference_typeERKSB_SE_
FN:1007,_ZSt12__niter_baseIPN4arma22arma_sort_index_packetIdEESt6vectorIS2_SaIS2_EEET_N9__gnu_cxx17__normal_iteratorIS7_T0_EE
FNDA:0,_ZSt12__niter_baseIPN4arma22arma_sort_index_packetIdEESt6vectorIS2_SaIS2_EEET_N9__gnu_cxx17__normal_iteratorIS7_T0_EE
DA:803,0
DA:804,0
DA:816,0
DA:817,0
DA:824,0
DA:826,0
DA:827,0
DA:836,0
DA:838,0
DA:839,0
DA:856,0
DA:857,0
DA:864,0
DA:865,0
DA:868,0
DA:869,0
DA:890,0
DA:893,0
DA:904,0
DA:907,0
DA:919,0
DA:922,0
DA:986,0
DA:989,0
DA:1007,0
DA:1009,0
end_of_record
SF:/usr/include/armadillo_bits/eop_aux.hpp
DA:160,0
end_of_record
SF:/usr/include/armadillo_bits/operator_times.hpp
DA:31,0
DA:45,0
end_of_record
SF:/usr/include/armadillo_bits/arma_str.hpp
FN:527,_ZN4arma8arma_strL11str_wrapperIcEEPKT_S4_PKNS0_9char_onlyIS2_E6resultE
FNDA:0,_ZN4arma8arma_strL11str_wrapperIcEEPKT_S4_PKNS0_9char_onlyIS2_E6resultE
DA:527,0
DA:531,0
end_of_record
SF:/usr/include/armadillo_bits/fn_accu.hpp
FN:481,_ZN4arma22accu_cube_proxy_linearINS_7eOpCubeINS_9eGlueCubeINS_4CubeIdEES4_NS_11eglue_minusEEENS_7eop_absEEEEENT_9elem_typeERKNS_9ProxyCubeIS9_EE
FNDA:0,_ZN4arma22accu_cube_proxy_linearINS_7eOpCubeINS_9eGlueCubeINS_4CubeIdEES4_NS_11eglue_minusEEENS_7eop_absEEEEENT_9elem_typeERKNS_9ProxyCubeIS9_EE
FN:653,_ZN4arma4accuINS_7eOpCubeINS_9eGlueCubeINS_4CubeIdEES4_NS_11eglue_minusEEENS_7eop_absEEEEENT_9elem_typeERKNS_8BaseCubeISA_S9_EE
FNDA:0,_ZN4arma4accuINS_7eOpCubeINS_9eGlueCubeINS_4CubeIdEES4_NS_11eglue_minusEEENS_7eop_absEEEEENT_9elem_typeERKNS_8BaseCubeISA_S9_EE
DA:481,0
DA:487,0
DA:489,0
DA:491,0
DA:541,0
DA:542,0
DA:545,0
DA:547,0
DA:549,0
DA:554,0
DA:653,0
DA:657,0
DA:666,0
end_of_record
SF:/usr/include/armadillo_bits/BaseCube_meat.hpp
DA:27,0
end_of_record
SF:/usr/include/armadillo_bits/Col_meat.hpp
FN:24,_ZN4arma3ColIdEC2Ev
FNDA:0,_ZN4arma3ColIdEC2Ev
FN:24,_ZN4arma3ColIyEC2Ev
FNDA:0,_ZN4arma3ColIyEC2Ev
FN:47,_ZN4arma3ColIyEC2Ey
FNDA:0,_ZN4arma3ColIyEC2Ey
FN:368,_ZN4arma3ColIyEaSINS_3eOpINS3_INS3_INS3_IS1_NS_16eop_scalar_timesEEES4_EENS_15eop_scalar_plusEEES7_EEEERS1_RKNS_4BaseIyT_EE
FNDA:0,_ZN4arma3ColIyEaSINS_3eOpINS3_INS3_INS3_IS1_NS_16eop_scalar_timesEEES4_EENS_15eop_scalar_plusEEES7_EEEERS1_RKNS_4BaseIyT_EE
FN:368,_ZN4arma3ColIyEaSINS_4mtOpIyNS_13subview_elem1IdNS_3eOpIS1_NS_15eop_scalar_plusEEEEENS_13op_sort_indexEEEEERS1_RKNS_4BaseIyT_EE
FNDA:0,_ZN4arma3ColIyEaSINS_4mtOpIyNS_13subview_elem1IdNS_3eOpIS1_NS_15eop_scalar_plusEEEEENS_13op_sort_indexEEEEERS1_RKNS_4BaseIyT_EE
FN:368,_ZN4arma3ColIyEaSINS_3eOpIS1_NS_15eop_scalar_plusEEEEERS1_RKNS_4BaseIyT_EE
FNDA:0,_ZN4arma3ColIyEaSINS_3eOpIS1_NS_15eop_scalar_plusEEEEERS1_RKNS_4BaseIyT_EE
FN:368,_ZN4arma3ColIyEaSINS_4mtOpIyNS_13subview_elem1IdNS_3MatIyEEEENS_13op_sort_indexEEEEERS1_RKNS_4BaseIyT_EE
FNDA:0,_ZN4arma3ColIyEaSINS_4mtOpIyNS_13subview_elem1IdNS_3MatIyEEEENS_13op_sort_indexEEEEERS1_RKNS_4BaseIyT_EE
FN:368,_ZN4arma3ColIyEaSINS_3eOpINS3_INS3_IS1_NS_16eop_scalar_timesEEENS_15eop_scalar_plusEEES6_EEEERS1_RKNS_4BaseIyT_EE
FNDA:0,_ZN4arma3ColIyEaSINS_3eOpINS3_INS3_IS1_NS_16eop_scalar_timesEEENS_15eop_scalar_plusEEES6_EEEERS1_RKNS_4BaseIyT_EE
FN:496,_ZN4arma3ColIdEaSERKNS_12subview_cubeIdEE
FNDA:0,_ZN4arma3ColIdEaSERKNS_12subview_cubeIdEE
DA:24,0
DA:25,0
DA:28,0
DA:24,0
DA:25,0
DA:28,0
DA:47,0
DA:48,0
DA:51,0
DA:368,0
DA:372,0
DA:374,0
DA:368,0
DA:372,0
DA:374,0
DA:368,0
DA:372,0
DA:374,0
DA:368,0
DA:372,0
DA:374,0
DA:368,0
DA:372,0
DA:374,0
DA:496,0
DA:500,0
DA:502,0
end_of_record
SF:/usr/include/armadillo_bits/eOpCube_meat.hpp
FN:24,_ZN4arma7eOpCubeINS_9eGlueCubeINS_4CubeIdEES3_NS_11eglue_minusEEENS_7eop_absEEC2ERKNS_8BaseCubeIdS5_EE
FNDA:0,_ZN4arma7eOpCubeINS_9eGlueCubeINS_4CubeIdEES3_NS_11eglue_minusEEENS_7eop_absEEC2ERKNS_8BaseCubeIdS5_EE
FN:34,_ZN4arma7eOpCubeINS_4CubeIdEENS_19eop_scalar_div_postEEC2ERKNS_8BaseCubeIdS2_EEd
FNDA:0,_ZN4arma7eOpCubeINS_4CubeIdEENS_19eop_scalar_div_postEEC2ERKNS_8BaseCubeIdS2_EEd
FN:34,_ZN4arma7eOpCubeINS_9eGlueCubeINS1_INS1_INS1_INS_4CubeIdEES3_NS_10eglue_plusEEES3_S4_EES3_S4_EES3_S4_EENS_19eop_scalar_div_postEEC2ERKNS_8BaseCubeIdS8_EEd
FNDA:0,_ZN4arma7eOpCubeINS_9eGlueCubeINS1_INS1_INS1_INS_4CubeIdEES3_NS_10eglue_plusEEES3_S4_EES3_S4_EES3_S4_EENS_19eop_scalar_div_postEEC2ERKNS_8BaseCubeIdS8_EEd
FN:34,_ZN4arma7eOpCubeINS_4CubeIdEENS_16eop_scalar_timesEEC2ERKNS_8BaseCubeIdS2_EEd
FNDA:0,_ZN4arma7eOpCubeINS_4CubeIdEENS_16eop_scalar_timesEEC2ERKNS_8BaseCubeIdS2_EEd
FN:84,_ZN4arma7eOpCubeINS_4CubeIdEENS_19eop_scalar_div_postEED2Ev
FNDA:0,_ZN4arma7eOpCubeINS_4CubeIdEENS_19eop_scalar_div_postEED2Ev
FN:84,_ZN4arma7eOpCubeINS_9eGlueCubeINS_4CubeIdEES3_NS_11eglue_minusEEENS_7eop_absEED2Ev
FNDA:0,_ZN4arma7eOpCubeINS_9eGlueCubeINS_4CubeIdEES3_NS_11eglue_minusEEENS_7eop_absEED2Ev
FN:84,_ZN4arma7eOpCubeINS_9eGlueCubeINS1_INS1_INS1_INS_4CubeIdEES3_NS_10eglue_plusEEES3_S4_EES3_S4_EES3_S4_EENS_19eop_scalar_div_postEED2Ev
FNDA:0,_ZN4arma7eOpCubeINS_9eGlueCubeINS1_INS1_INS1_INS_4CubeIdEES3_NS_10eglue_plusEEES3_S4_EES3_S4_EES3_S4_EENS_19eop_scalar_div_postEED2Ev
FN:84,_ZN4arma7eOpCubeINS_4CubeIdEENS_16eop_scalar_timesEED2Ev
FNDA:0,_ZN4arma7eOpCubeINS_4CubeIdEENS_16eop_scalar_timesEED2Ev
DA:24,0
DA:25,0
DA:28,0
DA:34,0
DA:36,0
DA:39,0
DA:34,0
DA:36,0
DA:39,0
DA:34,0
DA:36,0
DA:39,0
DA:84,0
DA:87,0
DA:84,0
DA:87,0
DA:84,0
DA:87,0
DA:84,0
DA:87,0
DA:96,0
DA:106,0
DA:116,0
DA:126,0
DA:136,0
DA:146,0
DA:166,0
end_of_record
SF:/usr/include/armadillo_bits/fn_elem.hpp
DA:445,0
end_of_record
SF:/usr/include/armadillo_bits/eglue_core_meat.hpp
FN:756,_ZN4arma10eglue_coreINS_10eglue_plusEE5applyINS_7eOpCubeINS_4CubeIdEENS_19eop_scalar_div_postEEES8_EEvRNS5_INT_9elem_typeEEERKNS_9eGlueCubeIS9_T0_S1_EE
FNDA:0,_ZN4arma10eglue_coreINS_10eglue_plusEE5applyINS_7eOpCubeINS_4CubeIdEENS_19eop_scalar_div_postEEES8_EEvRNS5_INT_9elem_typeEEERKNS_9eGlueCubeIS9_T0_S1_EE
FN:756,_ZN4arma10eglue_coreINS_11eglue_minusEE5applyINS_7eOpCubeINS_4CubeIdEENS_16eop_scalar_timesEEES6_EEvRNS5_INT_9elem_typeEEERKNS_9eGlueCubeIS9_T0_S1_EE
FNDA:0,_ZN4arma10eglue_coreINS_11eglue_minusEE5applyINS_7eOpCubeINS_4CubeIdEENS_16eop_scalar_timesEEES6_EEvRNS5_INT_9elem_typeEEERKNS_9eGlueCubeIS9_T0_S1_EE
DA:756,0
DA:762,0
DA:763,0
DA:769,0
DA:773,0
DA:787,0
DA:791,0
DA:793,0
DA:794,0
DA:796,0
DA:803,0
DA:804,0
DA:806,0
DA:814,0
DA:815,0
DA:817,0
DA:848,0
DA:756,0
DA:762,0
DA:763,0
DA:769,0
DA:773,0
DA:787,0
DA:791,0
DA:793,0
DA:794,0
DA:797,0
DA:803,0
DA:804,0
DA:807,0
DA:814,0
DA:815,0
DA:818,0
DA:848,0
end_of_record
SF:/usr/include/c++/9/ext/alloc_traits.h
FN:97,_ZN9__gnu_cxx14__alloc_traitsISaIcEcE17_S_select_on_copyERKS1_
FNDA:0,_ZN9__gnu_cxx14__alloc_traitsISaIcEcE17_S_select_on_copyERKS1_
DA:97,0
DA:98,0
end_of_record
SF:/usr/include/armadillo_bits/ProxyCube.hpp
FN:54,_ZN4arma9ProxyCubeINS_4CubeIdEEEC2ERKS2_
FNDA:0,_ZN4arma9ProxyCubeINS_4CubeIdEEEC2ERKS2_
FN:406,_ZN4arma9ProxyCubeINS_7eOpCubeINS_4CubeIdEENS_19eop_scalar_div_postEEEEC2ERKS5_
FNDA:0,_ZN4arma9ProxyCubeINS_7eOpCubeINS_4CubeIdEENS_19eop_scalar_div_postEEEEC2ERKS5_
FN:406,_ZN4arma9ProxyCubeINS_7eOpCubeINS_4CubeIdEENS_16eop_scalar_timesEEEEC2ERKS5_
FNDA:0,_ZN4arma9ProxyCubeINS_7eOpCubeINS_4CubeIdEENS_16eop_scalar_timesEEEEC2ERKS5_
FN:406,_ZN4arma9ProxyCubeINS_7eOpCubeINS_9eGlueCubeINS_4CubeIdEES4_NS_11eglue_minusEEENS_7eop_absEEEEC2ERKS8_
FNDA:0,_ZN4arma9ProxyCubeINS_7eOpCubeINS_9eGlueCubeINS_4CubeIdEES4_NS_11eglue_minusEEENS_7eop_absEEEEC2ERKS8_
FN:450,_ZN4arma9ProxyCubeINS_9eGlueCubeINS_4CubeIdEES3_NS_11eglue_minusEEEEC2ERKS5_
FNDA:0,_ZN4arma9ProxyCubeINS_9eGlueCubeINS_4CubeIdEES3_NS_11eglue_minusEEEEC2ERKS5_
FN:450,_ZN4arma9ProxyCubeINS_9eGlueCubeINS1_INS1_INS1_INS_4CubeIdEES3_NS_10eglue_plusEEES3_S4_EES3_S4_EES3_S4_EEEC2ERKS8_
FNDA:0,_ZN4arma9ProxyCubeINS_9eGlueCubeINS1_INS1_INS1_INS_4CubeIdEES3_NS_10eglue_plusEEES3_S4_EES3_S4_EES3_S4_EEEC2ERKS8_
FN:450,_ZN4arma9ProxyCubeINS_9eGlueCubeINS1_INS1_INS_4CubeIdEES3_NS_10eglue_plusEEES3_S4_EES3_S4_EEEC2ERKS7_
FNDA:0,_ZN4arma9ProxyCubeINS_9eGlueCubeINS1_INS1_INS_4CubeIdEES3_NS_10eglue_plusEEES3_S4_EES3_S4_EEEC2ERKS7_
FN:450,_ZN4arma9ProxyCubeINS_9eGlueCubeINS1_INS_4CubeIdEES3_NS_10eglue_plusEEES3_S4_EEEC2ERKS6_
FNDA:0,_ZN4arma9ProxyCubeINS_9eGlueCubeINS1_INS_4CubeIdEES3_NS_10eglue_plusEEES3_S4_EEEC2ERKS6_
FN:450,_ZN4arma9ProxyCubeINS_9eGlueCubeINS_4CubeIdEES3_NS_10eglue_plusEEEEC2ERKS5_
FNDA:0,_ZN4arma9ProxyCubeINS_9eGlueCubeINS_4CubeIdEES3_NS_10eglue_plusEEEEC2ERKS5_
DA:54,0
DA:55,0
DA:58,0
DA:60,0
DA:61,0
DA:62,0
DA:63,0
DA:64,0
DA:66,0
DA:68,0
DA:70,0
DA:71,0
DA:76,0
DA:406,0
DA:407,0
DA:410,0
DA:406,0
DA:407,0
DA:410,0
DA:406,0
DA:407,0
DA:410,0
DA:412,0
DA:413,0
DA:414,0
DA:415,0
DA:416,0
DA:422,0
DA:423,0
DA:428,0
DA:450,0
DA:451,0
DA:454,0
DA:450,0
DA:451,0
DA:454,0
DA:450,0
DA:451,0
DA:454,0
DA:450,0
DA:451,0
DA:454,0
DA:450,0
DA:451,0
DA:454,0
DA:456,0
DA:457,0
DA:459,0
DA:460,0
DA:462,0
DA:464,0
DA:466,0
DA:467,0
DA:472,0
end_of_record
SF:/usr/include/c++/9/bits/std_abs.h
FN:71,_ZSt3absd
FNDA:0,_ZSt3absd
DA:71,0
DA:72,0
end_of_record
SF:/usr/include/c++/9/bits/stl_construct.h
FN:117,_ZNSt12_Destroy_auxILb1EE9__destroyIPN4arma22arma_sort_index_packetIdEEEEvT_S6_
FNDA:0,_ZNSt12_Destroy_auxILb1EE9__destroyIPN4arma22arma_sort_index_packetIdEEEEvT_S6_
FN:127,_ZSt8_DestroyIPN4arma22arma_sort_index_packetIdEEEvT_S4_
FNDA:0,_ZSt8_DestroyIPN4arma22arma_sort_index_packetIdEEEvT_S4_
FN:203,_ZSt8_DestroyIPN4arma22arma_sort_index_packetIdEES2_EvT_S4_RSaIT0_E
FNDA:0,_ZSt8_DestroyIPN4arma22arma_sort_index_packetIdEES2_EvT_S4_RSaIT0_E
DA:117,0
DA:127,0
DA:137,0
DA:138,0
DA:203,0
DA:206,0
DA:207,0
end_of_record
SF:/usr/include/c++/9/bits/cpp_type_traits.h
FN:428,_ZSt12__miter_baseIN9__gnu_cxx17__normal_iteratorIPN4arma22arma_sort_index_packetIdEESt6vectorIS4_SaIS4_EEEEET_SA_
FNDA:0,_ZSt12__miter_baseIN9__gnu_cxx17__normal_iteratorIPN4arma22arma_sort_index_packetIdEESt6vectorIS4_SaIS4_EEEEET_SA_
DA:428,0
DA:429,0
end_of_record
SF:/usr/include/armadillo_bits/eglue_core_bones.hpp
FN:52,_ZN4arma10eglue_plus4textEv
FNDA:0,_ZN4arma10eglue_plus4textEv
FN:61,_ZN4arma11eglue_minus4textEv
FNDA:0,_ZN4arma11eglue_minus4textEv
DA:52,0
DA:61,0
end_of_record
SF:/usr/include/armadillo_bits/subview_elem1_meat.hpp
FN:23,_ZN4arma13subview_elem1IdNS_3eOpINS_3ColIyEENS_15eop_scalar_plusEEEED2Ev
FNDA:0,_ZN4arma13subview_elem1IdNS_3eOpINS_3ColIyEENS_15eop_scalar_plusEEEED2Ev
FN:23,_ZN4arma13subview_elem1IdNS_3MatIyEEED2Ev
FNDA:0,_ZN4arma13subview_elem1IdNS_3MatIyEEED2Ev
DA:23,0
DA:26,0
DA:23,0
DA:26,0
DA:44,0
DA:45,0
DA:46,0
DA:47,0
DA:50,0
end_of_record
SF:/usr/include/armadillo_bits/eop_core_meat.hpp
FN:245,_ZN4arma8eop_coreINS_15eop_scalar_plusEE5applyINS_3MatIyEENS_3eOpINS6_INS6_INS_3ColIyEENS_16eop_scalar_timesEEES9_EES1_EEEEvRT_RKNS6_IT0_S1_EE
FNDA:0,_ZN4arma8eop_coreINS_15eop_scalar_plusEE5applyINS_3MatIyEENS_3eOpINS6_INS6_INS_3ColIyEENS_16eop_scalar_timesEEES9_EES1_EEEEvRT_RKNS6_IT0_S1_EE
FN:245,_ZN4arma8eop_coreINS_15eop_scalar_plusEE5applyINS_3MatIyEENS_3ColIyEEEEvRT_RKNS_3eOpIT0_S1_EE
FNDA:0,_ZN4arma8eop_coreINS_15eop_scalar_plusEE5applyINS_3MatIyEENS_3ColIyEEEEvRT_RKNS_3eOpIT0_S1_EE
FN:245,_ZN4arma8eop_coreINS_15eop_scalar_plusEE5applyINS_3MatIyEENS_3eOpINS6_INS_3ColIyEENS_16eop_scalar_timesEEES1_EEEEvRT_RKNS6_IT0_S1_EE
FNDA:0,_ZN4arma8eop_coreINS_15eop_scalar_plusEE5applyINS_3MatIyEENS_3eOpINS6_INS_3ColIyEENS_16eop_scalar_timesEEES1_EEEEvRT_RKNS6_IT0_S1_EE
FN:626,_ZN4arma8eop_coreINS_19eop_scalar_div_postEE5applyINS_9eGlueCubeINS4_INS4_INS4_INS_4CubeIdEES6_NS_10eglue_plusEEES6_S7_EES6_S7_EES6_S7_EEEEvRNS5_INT_9elem_typeEEERKNS_7eOpCubeISC_S1_EE
FNDA:0,_ZN4arma8eop_coreINS_19eop_scalar_div_postEE5applyINS_9eGlueCubeINS4_INS4_INS4_INS_4CubeIdEES6_NS_10eglue_plusEEES6_S7_EES6_S7_EES6_S7_EEEEvRNS5_INT_9elem_typeEEERKNS_7eOpCubeISC_S1_EE
DA:245,0
DA:254,0
DA:255,0
DA:257,0
DA:261,0
DA:271,0
DA:275,0
DA:277,0
DA:279,0
DA:283,0
DA:285,0
DA:290,0
DA:292,0
DA:312,0
DA:245,0
DA:254,0
DA:255,0
DA:257,0
DA:261,0
DA:271,0
DA:275,0
DA:277,0
DA:279,0
DA:283,0
DA:285,0
DA:290,0
DA:292,0
DA:312,0
DA:245,0
DA:254,0
DA:255,0
DA:257,0
DA:261,0
DA:271,0
DA:275,0
DA:277,0
DA:279,0
DA:283,0
DA:285,0
DA:290,0
DA:292,0
DA:312,0
DA:626,0
DA:635,0
DA:636,0
DA:638,0
DA:642,0
DA:652,0
DA:656,0
DA:658,0
DA:660,0
DA:664,0
DA:666,0
DA:671,0
DA:673,0
DA:694,0
DA:1021,0
DA:1030,0
DA:1036,0
DA:1120,0
end_of_record
SF:/usr/include/c++/9/new
FN:57,_ZNSt9bad_allocC2Ev
FNDA:0,_ZNSt9bad_allocC2Ev
DA:57,0
end_of_record
SF:/usr/include/c++/9/bits/move.h
FN:99,_ZSt4moveIRN9__gnu_cxx5__ops15_Iter_comp_iterIN4arma30arma_sort_index_helper_descendIdEEEEEONSt16remove_referenceIT_E4typeEOS9_
FNDA:0,_ZSt4moveIRN9__gnu_cxx5__ops15_Iter_comp_iterIN4arma30arma_sort_index_helper_descendIdEEEEEONSt16remove_referenceIT_E4typeEOS9_
FN:99,_ZSt4moveIRN9__gnu_cxx5__ops15_Iter_comp_iterIN4arma29arma_sort_index_helper_ascendIdEEEEEONSt16remove_referenceIT_E4typeEOS9_
FNDA:0,_ZSt4moveIRN9__gnu_cxx5__ops15_Iter_comp_iterIN4arma29arma_sort_index_helper_ascendIdEEEEEONSt16remove_referenceIT_E4typeEOS9_
FN:99,_ZSt4moveIRN4arma22arma_sort_index_packetIdEEEONSt16remove_referenceIT_E4typeEOS5_
FNDA:0,_ZSt4moveIRN4arma22arma_sort_index_packetIdEEEONSt16remove_referenceIT_E4typeEOS5_
FN:99,_ZSt4moveIRN4arma30arma_sort_index_helper_descendIdEEEONSt16remove_referenceIT_E4typeEOS5_
FNDA:0,_ZSt4moveIRN4arma30arma_sort_index_helper_descendIdEEEONSt16remove_referenceIT_E4typeEOS5_
FN:99,_ZSt4moveIRN4arma29arma_sort_index_helper_ascendIdEEEONSt16remove_referenceIT_E4typeEOS5_
FNDA:0,_ZSt4moveIRN4arma29arma_sort_index_helper_ascendIdEEEONSt16remove_referenceIT_E4typeEOS5_
FN:99,_ZSt4moveIRSaIcEEONSt16remove_referenceIT_E4typeEOS3_
FNDA:0,_ZSt4moveIRSaIcEEONSt16remove_referenceIT_E4typeEOS3_
FN:182,_ZSt4swapIN4arma22arma_sort_index_packetIdEEENSt9enable_ifIXsrSt6__and_IJSt6__not_ISt15__is_tuple_likeIT_EESt21is_move_constructibleIS7_ESt18is_move_assignableIS7_EEE5valueEvE4typeERS7_SH_
FNDA:0,_ZSt4swapIN4arma22arma_sort_index_packetIdEEENSt9enable_ifIXsrSt6__and_IJSt6__not_ISt15__is_tuple_likeIT_EESt21is_move_constructibleIS7_ESt18is_move_assignableIS7_EEE5valueEvE4typeERS7_SH_
DA:99,0
DA:100,0
DA:99,0
DA:100,0
DA:99,0
DA:100,0
DA:99,0
DA:100,0
DA:99,0
DA:100,0
DA:99,0
DA:100,0
DA:182,0
DA:193,0
DA:194,0
DA:195,0
DA:196,0
end_of_record
SF:/usr/include/c++/9/bits/stl_iterator_base_types.h
FN:205,_ZSt19__iterator_categoryIPcENSt15iterator_traitsIT_E17iterator_categoryERKS2_
FNDA:0,_ZSt19__iterator_categoryIPcENSt15iterator_traitsIT_E17iterator_categoryERKS2_
FN:205,_ZSt19__iterator_categoryIPKcENSt15iterator_traitsIT_E17iterator_categoryERKS3_
FNDA:0,_ZSt19__iterator_categoryIPKcENSt15iterator_traitsIT_E17iterator_categoryERKS3_
DA:205,0
DA:206,0
DA:205,0
DA:206,0
end_of_record
SF:/usr/include/armadillo_bits/gmm_misc_bones.hpp
FN:21,_ZN4arma13gmm_dist_modeC2Ey
FNDA:0,_ZN4arma13gmm_dist_modeC2Ey
FN:26,_ZN4arma13gmm_dist_euclC2Ev
FNDA:0,_ZN4arma13gmm_dist_euclC2Ev
FN:27,_ZN4arma13gmm_dist_mahaC2Ev
FNDA:0,_ZN4arma13gmm_dist_mahaC2Ev
FN:28,_ZN4arma13gmm_dist_probC2Ev
FNDA:0,_ZN4arma13gmm_dist_probC2Ev
FN:36,_ZN4arma13gmm_seed_modeC2Ey
FNDA:0,_ZN4arma13gmm_seed_modeC2Ey
FN:41,_ZN4arma22gmm_seed_keep_existingC2Ev
FNDA:0,_ZN4arma22gmm_seed_keep_existingC2Ev
FN:42,_ZN4arma22gmm_seed_static_subsetC2Ev
FNDA:0,_ZN4arma22gmm_seed_static_subsetC2Ev
FN:43,_ZN4arma22gmm_seed_static_spreadC2Ev
FNDA:0,_ZN4arma22gmm_seed_static_spreadC2Ev
FN:44,_ZN4arma22gmm_seed_random_subsetC2Ev
FNDA:0,_ZN4arma22gmm_seed_random_subsetC2Ev
FN:45,_ZN4arma22gmm_seed_random_spreadC2Ev
FNDA:0,_ZN4arma22gmm_seed_random_spreadC2Ev
DA:21,0
DA:26,0
DA:27,0
DA:28,0
DA:36,0
DA:41,0
DA:42,0
DA:43,0
DA:44,0
DA:45,0
end_of_record
SF:/usr/include/armadillo_bits/operator_cube_times.hpp
DA:51,0
end_of_record
SF:/usr/include/c++/9/bits/stl_uninitialized.h
FN:561,_ZNSt27__uninitialized_default_n_1ILb1EE18__uninit_default_nIPN4arma22arma_sort_index_packetIdEEmEET_S6_T0_
FNDA:0,_ZNSt27__uninitialized_default_n_1ILb1EE18__uninit_default_nIPN4arma22arma_sort_index_packetIdEEmEET_S6_T0_
FN:592,_ZSt25__uninitialized_default_nIPN4arma22arma_sort_index_packetIdEEmET_S4_T0_
FNDA:0,_ZSt25__uninitialized_default_nIPN4arma22arma_sort_index_packetIdEEmET_S4_T0_
FN:661,_ZSt27__uninitialized_default_n_aIPN4arma22arma_sort_index_packetIdEEmS2_ET_S4_T0_RSaIT1_E
FNDA:0,_ZSt27__uninitialized_default_n_aIPN4arma22arma_sort_index_packetIdEEmS2_ET_S4_T0_RSaIT1_E
DA:561,0
DA:566,0
DA:592,0
DA:597,0
DA:601,0
DA:661,0
DA:663,0
end_of_record
SF:/usr/include/armadillo_bits/operator_cube_div.hpp
DA:34,0
end_of_record
SF:/usr/include/armadillo_bits/memory.hpp
FN:54,_ZN4arma6memory7acquireIyEEPT_y
FNDA:0,_ZN4arma6memory7acquireIyEEPT_y
FN:54,_ZN4arma6memory7acquireIdEEPT_y
FNDA:0,_ZN4arma6memory7acquireIdEEPT_y
DA:54,0
DA:56,0
DA:59,0
DA:60,0
DA:76,0
DA:78,0
DA:79,0
DA:82,0
DA:84,0
DA:105,0
DA:107,0
DA:54,0
DA:56,0
DA:59,0
DA:60,0
DA:76,0
DA:78,0
DA:79,0
DA:82,0
DA:84,0
DA:105,0
DA:107,0
DA:129,0
DA:141,0
DA:167,0
DA:191,0
DA:209,0
DA:224,0
DA:231,0
end_of_record
SF:/usr/include/armadillo_bits/operator_cube_plus.hpp
DA:118,0
end_of_record
SF:/usr/include/armadillo_bits/debug.hpp
FN:39,_ZN4arma16arma_cerr_streamIcEERSoPSo
FNDA:0,_ZN4arma16arma_cerr_streamIcEERSoPSo
FN:79,_ZN4arma15get_cerr_streamEv
FNDA:0,_ZN4arma15get_cerr_streamEv
FN:136,_ZN4armaL21arma_stop_logic_errorINSt7__cxx1112basic_stringIcSt11char_traitsIcESaIcEEEEEvRKT_
FNDA:0,_ZN4armaL21arma_stop_logic_errorINSt7__cxx1112basic_stringIcSt11char_traitsIcESaIcEEEEEvRKT_
FN:136,_ZN4armaL21arma_stop_logic_errorIPKcEEvRKT_
FNDA:0,_ZN4armaL21arma_stop_logic_errorIPKcEEvRKT_
FN:155,_ZN4armaL19arma_stop_bad_allocIA34_cEEvRKT_
FNDA:0,_ZN4armaL19arma_stop_bad_allocIA34_cEEvRKT_
FN:155,_ZN4armaL19arma_stop_bad_allocIA29_cEEvRKT_
FNDA:0,_ZN4armaL19arma_stop_bad_allocIA29_cEEvRKT_
FN:155,_ZN4armaL19arma_stop_bad_allocIA24_cEEvRKT_
FNDA:0,_ZN4armaL19arma_stop_bad_allocIA24_cEEvRKT_
FN:155,_ZN4armaL19arma_stop_bad_allocIA39_cEEvRKT_
FNDA:0,_ZN4armaL19arma_stop_bad_allocIA39_cEEvRKT_
FN:178,_ZN4armaL23arma_stop_runtime_errorIA49_cEEvRKT_
FNDA:0,_ZN4armaL23arma_stop_runtime_errorIA49_cEEvRKT_
FN:209,_ZN4armaL10arma_printIA46_cEEvRKT_
FNDA:0,_ZN4armaL10arma_printIA46_cEEvRKT_
FN:209,_ZN4armaL10arma_printIA27_cEEvRKT_
FNDA:0,_ZN4armaL10arma_printIA27_cEEvRKT_
FN:209,_ZN4armaL10arma_printIA32_cEEvRKT_
FNDA:0,_ZN4armaL10arma_printIA32_cEEvRKT_
FN:209,_ZN4armaL10arma_printIA30_cEEvRKT_
FNDA:0,_ZN4armaL10arma_printIA30_cEEvRKT_
FN:209,_ZN4armaL10arma_printIA33_cEEvRKT_
FNDA:0,_ZN4armaL10arma_printIA33_cEEvRKT_
FN:209,_ZN4armaL10arma_printIA31_cEEvRKT_
FNDA:0,_ZN4armaL10arma_printIA31_cEEvRKT_
FN:209,_ZN4armaL10arma_printIA29_cEEvRKT_
FNDA:0,_ZN4armaL10arma_printIA29_cEEvRKT_
FN:209,_ZN4armaL10arma_printIA28_cEEvRKT_
FNDA:0,_ZN4armaL10arma_printIA28_cEEvRKT_
FN:209,_ZN4armaL10arma_printIA17_cEEvRKT_
FNDA:0,_ZN4armaL10arma_printIA17_cEEvRKT_
FN:316,_ZN4armaL9arma_warnINSt7__cxx1112basic_stringIcSt11char_traitsIcESaIcEEEEEvRKT_
FNDA:0,_ZN4armaL9arma_warnINSt7__cxx1112basic_stringIcSt11char_traitsIcESaIcEEEEEvRKT_
FN:380,_ZN4arma10arma_checkIA27_cEEvbRKT_
FNDA:0,_ZN4arma10arma_checkIA27_cEEvbRKT_
FN:380,_ZN4arma10arma_checkIA42_cEEvbRKT_
FNDA:0,_ZN4arma10arma_checkIA42_cEEvbRKT_
FN:380,_ZN4arma10arma_checkIA53_cEEvbRKT_
FNDA:0,_ZN4arma10arma_checkIA53_cEEvbRKT_
FN:380,_ZN4arma10arma_checkIA74_cEEvbRKT_
FNDA:0,_ZN4arma10arma_checkIA74_cEEvbRKT_
FN:380,_ZN4arma10arma_checkIA36_cEEvbRKT_
FNDA:0,_ZN4arma10arma_checkIA36_cEEvbRKT_
FN:380,_ZN4arma10arma_checkIA37_cEEvbRKT_
FNDA:0,_ZN4arma10arma_checkIA37_cEEvbRKT_
FN:380,_ZN4arma10arma_checkIA38_cEEvbRKT_
FNDA:0,_ZN4arma10arma_checkIA38_cEEvbRKT_
FN:380,_ZN4arma10arma_checkIA35_cEEvbRKT_
FNDA:0,_ZN4arma10arma_checkIA35_cEEvbRKT_
FN:380,_ZN4arma10arma_checkIPKcEEvbRKT_
FNDA:0,_ZN4arma10arma_checkIPKcEEvbRKT_
FN:380,_ZN4arma10arma_checkIA81_cEEvbRKT_
FNDA:0,_ZN4arma10arma_checkIA81_cEEvbRKT_
FN:380,_ZN4arma10arma_checkIA33_cEEvbRKT_
FNDA:0,_ZN4arma10arma_checkIA33_cEEvbRKT_
FN:380,_ZN4arma10arma_checkIPcEEvbRKT_
FNDA:0,_ZN4arma10arma_checkIPcEEvbRKT_
FN:400,_ZN4arma20arma_check_bad_allocIA39_cEEvbRKT_
FNDA:0,_ZN4arma20arma_check_bad_allocIA39_cEEvbRKT_
FN:400,_ZN4arma20arma_check_bad_allocIA34_cEEvbRKT_
FNDA:0,_ZN4arma20arma_check_bad_allocIA34_cEEvbRKT_
FN:433,_ZN4armaL25arma_incompat_size_stringEyyyyPKc
FNDA:0,_ZN4armaL25arma_incompat_size_stringEyyyyPKc
FN:448,_ZN4armaL25arma_incompat_size_stringEyyyyyyPKc
FNDA:0,_ZN4armaL25arma_incompat_size_stringEyyyyyyPKc
FN:716,_ZN4arma21arma_assert_same_sizeEyyyyyyPKc
FNDA:0,_ZN4arma21arma_assert_same_sizeEyyyyyyPKc
FN:870,_ZN4arma23arma_assert_cube_as_matIdNS_12subview_cubeIdEEEEvRKNS_3MatIT_EERKT0_PKcb
FNDA:0,_ZN4arma23arma_assert_cube_as_matIdNS_12subview_cubeIdEEEEvRKNS_3MatIT_EERKT0_PKcb
DA:39,0
DA:43,0
DA:45,0
DA:79,0
DA:81,0
DA:136,0
DA:140,0
DA:144,0
DA:136,0
DA:140,0
DA:144,0
DA:155,0
DA:159,0
DA:167,0
DA:155,0
DA:159,0
DA:167,0
DA:155,0
DA:159,0
DA:167,0
DA:155,0
DA:159,0
DA:167,0
DA:178,0
DA:182,0
DA:186,0
DA:209,0
DA:211,0
DA:212,0
DA:209,0
DA:211,0
DA:212,0
DA:209,0
DA:211,0
DA:212,0
DA:209,0
DA:211,0
DA:212,0
DA:209,0
DA:211,0
DA:212,0
DA:209,0
DA:211,0
DA:212,0
DA:209,0
DA:211,0
DA:212,0
DA:209,0
DA:211,0
DA:212,0
DA:209,0
DA:211,0
DA:212,0
DA:316,0
DA:320,0
DA:327,0
DA:380,0
DA:382,0
DA:383,0
DA:380,0
DA:382,0
DA:383,0
DA:380,0
DA:382,0
DA:383,0
DA:380,0
DA:382,0
DA:383,0
DA:380,0
DA:382,0
DA:383,0
DA:380,0
DA:382,0
DA:383,0
DA:380,0
DA:382,0
DA:383,0
DA:380,0
DA:382,0
DA:383,0
DA:380,0
DA:382,0
DA:383,0
DA:380,0
DA:382,0
DA:383,0
DA:380,0
DA:382,0
DA:383,0
DA:380,0
DA:382,0
DA:383,0
DA:400,0
DA:402,0
DA:403,0
DA:400,0
DA:402,0
DA:403,0
DA:416,0
DA:418,0
DA:419,0
DA:421,0
DA:433,0
DA:435,0
DA:437,0
DA:439,0
DA:448,0
DA:450,0
DA:452,0
DA:454,0
DA:716,0
DA:718,0
DA:720,0
DA:722,0
DA:870,0
DA:872,0
DA:873,0
DA:874,0
DA:876,0
DA:878,0
DA:880,0
DA:882,0
DA:885,0
DA:886,0
DA:887,0
DA:889,0
DA:894,0
DA:896,0
DA:898,0
DA:901,0
DA:902,0
DA:903,0
DA:905,0
DA:908,0
DA:910,0
DA:913,0
DA:914,0
DA:915,0
DA:917,0
DA:922,0
DA:924,0
DA:927,0
DA:928,0
DA:929,0
DA:931,0
DA:937,0
DA:939,0
DA:940,0
DA:942,0
DA:944,0
DA:946,0
DA:947,0
DA:948,0
DA:949,0
DA:950,0
DA:955,0
DA:958,0
DA:959,0
DA:960,0
DA:961,0
DA:963,0
DA:968,0
DA:970,0
DA:972,0
DA:975,0
DA:976,0
DA:977,0
DA:978,0
DA:980,0
DA:983,0
DA:985,0
DA:988,0
DA:989,0
DA:990,0
DA:991,0
DA:993,0
DA:998,0
DA:1000,0
DA:1003,0
DA:1004,0
DA:1005,0
DA:1006,0
DA:1008,0
DA:1013,0
end_of_record
SF:/usr/include/armadillo_bits/Mat_meat.hpp
FN:23,_ZN4arma3MatIdED2Ev
FNDA:0,_ZN4arma3MatIdED2Ev
FN:23,_ZN4arma3MatIyED2Ev
FNDA:0,_ZN4arma3MatIyED2Ev
FN:42,_ZN4arma3MatIyEC2Ev
FNDA:0,_ZN4arma3MatIyEC2Ev
FN:134,_ZN4arma3MatIyEC2ERKNS_18arma_vec_indicatorEj
FNDA:0,_ZN4arma3MatIyEC2ERKNS_18arma_vec_indicatorEj
FN:134,_ZN4arma3MatIdEC2ERKNS_18arma_vec_indicatorEj
FNDA:0,_ZN4arma3MatIdEC2ERKNS_18arma_vec_indicatorEj
FN:150,_ZN4arma3MatIyEC2ERKNS_18arma_vec_indicatorEyyj
FNDA:0,_ZN4arma3MatIyEC2ERKNS_18arma_vec_indicatorEyyj
FN:183,_ZN4arma3MatIyE9init_coldEv
FNDA:0,_ZN4arma3MatIyE9init_coldEv
FN:183,_ZN4arma3MatIdE9init_coldEv
FNDA:0,_ZN4arma3MatIdE9init_coldEv
FN:229,_ZN4arma3MatIdE9init_warmEyy
FNDA:0,_ZN4arma3MatIdE9init_warmEyy
FN:229,_ZN4arma3MatIyE9init_warmEyy
FNDA:0,_ZN4arma3MatIyE9init_warmEyy
FN:805,_ZN4arma3MatIyEaSERKS1_
FNDA:0,_ZN4arma3MatIyEaSERKS1_
FN:1099,_ZN4arma3MatIyE9steal_memERS1_
FNDA:0,_ZN4arma3MatIyE9steal_memERS1_
FN:1217,_ZN4arma3MatIdEC2EPdyybb
FNDA:0,_ZN4arma3MatIdEC2EPdyybb
FN:2076,_ZN4arma3MatIdEaSERKNS_12subview_cubeIdEE
FNDA:0,_ZN4arma3MatIdEaSERKNS_12subview_cubeIdEE
FN:4889,_ZN4arma3MatIyEaSINS_3eOpINS3_INS3_INS_3ColIyEENS_16eop_scalar_timesEEES6_EENS_15eop_scalar_plusEEES9_EERS1_RKNS3_IT_T0_EE
FNDA:0,_ZN4arma3MatIyEaSINS_3eOpINS3_INS3_INS_3ColIyEENS_16eop_scalar_timesEEES6_EENS_15eop_scalar_plusEEES9_EERS1_RKNS3_IT_T0_EE
FN:4889,_ZN4arma3MatIyEaSINS_3ColIyEENS_15eop_scalar_plusEEERS1_RKNS_3eOpIT_T0_EE
FNDA:0,_ZN4arma3MatIyEaSINS_3ColIyEENS_15eop_scalar_plusEEERS1_RKNS_3eOpIT_T0_EE
FN:4889,_ZN4arma3MatIyEaSINS_3eOpINS3_INS_3ColIyEENS_16eop_scalar_timesEEENS_15eop_scalar_plusEEES8_EERS1_RKNS3_IT_T0_EE
FNDA:0,_ZN4arma3MatIyEaSINS_3eOpINS3_INS_3ColIyEENS_16eop_scalar_timesEEENS_15eop_scalar_plusEEES8_EERS1_RKNS3_IT_T0_EE
FN:5024,_ZN4arma3MatIyEaSINS_13subview_elem1IdS1_EENS_13op_sort_indexEEERS1_RKNS_4mtOpIyT_T0_EE
FNDA:0,_ZN4arma3MatIyEaSINS_13subview_elem1IdS1_EENS_13op_sort_indexEEERS1_RKNS_4mtOpIyT_T0_EE
FN:5024,_ZN4arma3MatIyEaSINS_13subview_elem1IdNS_3eOpINS_3ColIyEENS_15eop_scalar_plusEEEEENS_13op_sort_indexEEERS1_RKNS_4mtOpIyT_T0_EE
FNDA:0,_ZN4arma3MatIyEaSINS_13subview_elem1IdNS_3eOpINS_3ColIyEENS_15eop_scalar_plusEEEEENS_13op_sort_indexEEERS1_RKNS_4mtOpIyT_T0_EE
FN:6521,_ZN4arma3MatIyE8set_sizeEy
FNDA:0,_ZN4arma3MatIyE8set_sizeEy
FN:6521,_ZN4arma3MatIdE8set_sizeEy
FNDA:0,_ZN4arma3MatIdE8set_sizeEy
FN:6547,_ZN4arma3MatIdE8set_sizeEyy
FNDA:0,_ZN4arma3MatIdE8set_sizeEyy
FN:6547,_ZN4arma3MatIyE8set_sizeEyy
FNDA:0,_ZN4arma3MatIyE8set_sizeEyy
FN:6841,_ZN4arma3MatIyE4fillEy
FNDA:0,_ZN4arma3MatIyE4fillEy
FN:7137,_ZN4arma3MatIyE5resetEv
FNDA:0,_ZN4arma3MatIyE5resetEv
FN:7163,_ZN4arma3MatIyE10soft_resetEv
FNDA:0,_ZN4arma3MatIyE10soft_resetEv
FN:7270,_ZNK4arma3MatIdE3maxERy
FNDA:0,_ZNK4arma3MatIdE3maxERy
DA:23,0
DA:27,0
DA:29,0
DA:33,0
DA:36,0
DA:23,0
DA:27,0
DA:29,0
DA:33,0
DA:36,0
DA:42,0
DA:48,0
DA:51,0
DA:134,0
DA:140,0
DA:143,0
DA:134,0
DA:140,0
DA:143,0
DA:150,0
DA:153,0
DA:156,0
DA:160,0
DA:161,0
DA:183,0
DA:190,0
DA:196,0
DA:198,0
DA:199,0
DA:205,0
DA:207,0
DA:209,0
DA:214,0
DA:220,0
DA:222,0
DA:183,0
DA:190,0
DA:196,0
DA:198,0
DA:199,0
DA:205,0
DA:207,0
DA:209,0
DA:214,0
DA:220,0
DA:222,0
DA:229,0
DA:233,0
DA:235,0
DA:236,0
DA:238,0
DA:239,0
DA:241,0
DA:243,0
DA:245,0
DA:247,0
DA:248,0
DA:252,0
DA:253,0
DA:260,0
DA:266,0
DA:270,0
DA:271,0
DA:277,0
DA:279,0
DA:280,0
DA:282,0
DA:285,0
DA:286,0
DA:290,0
DA:292,0
DA:294,0
DA:296,0
DA:299,0
DA:302,0
DA:304,0
DA:309,0
DA:319,0
DA:322,0
DA:325,0
DA:328,0
DA:333,0
DA:336,0
DA:339,0
DA:340,0
DA:341,0
DA:229,0
DA:233,0
DA:235,0
DA:236,0
DA:238,0
DA:239,0
DA:241,0
DA:243,0
DA:245,0
DA:247,0
DA:248,0
DA:252,0
DA:253,0
DA:260,0
DA:266,0
DA:270,0
DA:271,0
DA:277,0
DA:279,0
DA:280,0
DA:282,0
DA:285,0
DA:286,0
DA:290,0
DA:292,0
DA:294,0
DA:296,0
DA:299,0
DA:302,0
DA:304,0
DA:309,0
DA:319,0
DA:322,0
DA:325,0
DA:328,0
DA:333,0
DA:336,0
DA:339,0
DA:340,0
DA:341,0
DA:805,0
DA:809,0
DA:811,0
DA:813,0
DA:816,0
DA:1099,0
DA:1103,0
DA:1105,0
DA:1106,0
DA:1107,0
DA:1108,0
DA:1109,0
DA:1111,0
DA:1112,0
DA:1114,0
DA:1116,0
DA:1118,0
DA:1122,0
DA:1123,0
DA:1127,0
DA:1129,0
DA:1131,0
DA:1132,0
DA:1133,0
DA:1134,0
DA:1135,0
DA:1137,0
DA:1138,0
DA:1139,0
DA:1140,0
DA:1141,0
DA:1145,0
DA:1217,0
DA:1220,0
DA:1223,0
DA:1227,0
DA:1229,0
DA:1231,0
DA:1233,0
DA:2076,0
DA:2080,0
DA:2082,0
DA:4889,0
DA:4895,0
DA:4899,0
DA:4901,0
DA:4912,0
DA:4889,0
DA:4895,0
DA:4899,0
DA:4901,0
DA:4912,0
DA:4889,0
DA:4895,0
DA:4899,0
DA:4901,0
DA:4912,0
DA:5024,0
DA:5028,0
DA:5030,0
DA:5024,0
DA:5028,0
DA:5030,0
DA:5795,0
DA:5798,0
DA:5810,0
DA:5811,0
DA:5835,0
DA:5847,0
DA:6372,0
DA:6396,0
DA:6408,0
DA:6521,0
DA:6525,0
DA:6527,0
DA:6529,0
DA:6530,0
DA:6532,0
DA:6533,0
DA:6534,0
DA:6536,0
DA:6539,0
DA:6521,0
DA:6525,0
DA:6527,0
DA:6529,0
DA:6530,0
DA:6532,0
DA:6533,0
DA:6534,0
DA:6536,0
DA:6539,0
DA:6547,0
DA:6551,0
DA:6552,0
DA:6547,0
DA:6551,0
DA:6552,0
DA:6841,0
DA:6845,0
DA:6847,0
DA:7137,0
DA:7141,0
DA:7143,0
DA:7144,0
DA:7145,0
DA:7147,0
DA:7148,0
DA:7149,0
DA:7151,0
DA:7152,0
DA:7153,0
DA:7155,0
DA:7163,0
DA:7168,0
DA:7170,0
DA:7174,0
DA:7176,0
DA:7270,0
DA:7274,0
DA:7276,0
DA:7278,0
DA:7280,0
DA:7283,0
end_of_record
SF:/usr/include/c++/9/bits/predefined_ops.h
FN:135,_ZN9__gnu_cxx5__ops15_Iter_comp_iterIN4arma30arma_sort_index_helper_descendIdEEEC2ES4_
FNDA:0,_ZN9__gnu_cxx5__ops15_Iter_comp_iterIN4arma30arma_sort_index_helper_descendIdEEEC2ES4_
FN:135,_ZN9__gnu_cxx5__ops15_Iter_comp_iterIN4arma29arma_sort_index_helper_ascendIdEEEC2ES4_
FNDA:0,_ZN9__gnu_cxx5__ops15_Iter_comp_iterIN4arma29arma_sort_index_helper_ascendIdEEEC2ES4_
FN:142,_ZN9__gnu_cxx5__ops15_Iter_comp_iterIN4arma30arma_sort_index_helper_descendIdEEEclINS_17__normal_iteratorIPNS2_22arma_sort_index_packetIdEESt6vectorIS9_SaIS9_EEEESE_EEbT_T0_
FNDA:0,_ZN9__gnu_cxx5__ops15_Iter_comp_iterIN4arma30arma_sort_index_helper_descendIdEEEclINS_17__normal_iteratorIPNS2_22arma_sort_index_packetIdEESt6vectorIS9_SaIS9_EEEESE_EEbT_T0_
FN:142,_ZN9__gnu_cxx5__ops15_Iter_comp_iterIN4arma29arma_sort_index_helper_ascendIdEEEclINS_17__normal_iteratorIPNS2_22arma_sort_index_packetIdEESt6vectorIS9_SaIS9_EEEESE_EEbT_T0_
FNDA:0,_ZN9__gnu_cxx5__ops15_Iter_comp_iterIN4arma29arma_sort_index_helper_ascendIdEEEclINS_17__normal_iteratorIPNS2_22arma_sort_index_packetIdEESt6vectorIS9_SaIS9_EEEESE_EEbT_T0_
FN:149,_ZN9__gnu_cxx5__ops16__iter_comp_iterIN4arma30arma_sort_index_helper_descendIdEEEENS0_15_Iter_comp_iterIT_EES6_
FNDA:0,_ZN9__gnu_cxx5__ops16__iter_comp_iterIN4arma30arma_sort_index_helper_descendIdEEEENS0_15_Iter_comp_iterIT_EES6_
FN:149,_ZN9__gnu_cxx5__ops16__iter_comp_iterIN4arma29arma_sort_index_helper_ascendIdEEEENS0_15_Iter_comp_iterIT_EES6_
FNDA:0,_ZN9__gnu_cxx5__ops16__iter_comp_iterIN4arma29arma_sort_index_helper_ascendIdEEEENS0_15_Iter_comp_iterIT_EES6_
FN:169,_ZN9__gnu_cxx5__ops14_Iter_comp_valIN4arma30arma_sort_index_helper_descendIdEEEC2EONS0_15_Iter_comp_iterIS4_EE
FNDA:0,_ZN9__gnu_cxx5__ops14_Iter_comp_valIN4arma30arma_sort_index_helper_descendIdEEEC2EONS0_15_Iter_comp_iterIS4_EE
FN:169,_ZN9__gnu_cxx5__ops14_Iter_comp_valIN4arma29arma_sort_index_helper_ascendIdEEEC2EONS0_15_Iter_comp_iterIS4_EE
FNDA:0,_ZN9__gnu_cxx5__ops14_Iter_comp_valIN4arma29arma_sort_index_helper_ascendIdEEEC2EONS0_15_Iter_comp_iterIS4_EE
FN:176,_ZN9__gnu_cxx5__ops14_Iter_comp_valIN4arma30arma_sort_index_helper_descendIdEEEclINS_17__normal_iteratorIPNS2_22arma_sort_index_packetIdEESt6vectorIS9_SaIS9_EEEES9_EEbT_RT0_
FNDA:0,_ZN9__gnu_cxx5__ops14_Iter_comp_valIN4arma30arma_sort_index_helper_descendIdEEEclINS_17__normal_iteratorIPNS2_22arma_sort_index_packetIdEESt6vectorIS9_SaIS9_EEEES9_EEbT_RT0_
FN:176,_ZN9__gnu_cxx5__ops14_Iter_comp_valIN4arma29arma_sort_index_helper_ascendIdEEEclINS_17__normal_iteratorIPNS2_22arma_sort_index_packetIdEESt6vectorIS9_SaIS9_EEEES9_EEbT_RT0_
FNDA:0,_ZN9__gnu_cxx5__ops14_Iter_comp_valIN4arma29arma_sort_index_helper_ascendIdEEEclINS_17__normal_iteratorIPNS2_22arma_sort_index_packetIdEESt6vectorIS9_SaIS9_EEEES9_EEbT_RT0_
FN:207,_ZN9__gnu_cxx5__ops14_Val_comp_iterIN4arma30arma_sort_index_helper_descendIdEEEC2EONS0_15_Iter_comp_iterIS4_EE
FNDA:0,_ZN9__gnu_cxx5__ops14_Val_comp_iterIN4arma30arma_sort_index_helper_descendIdEEEC2EONS0_15_Iter_comp_iterIS4_EE
FN:207,_ZN9__gnu_cxx5__ops14_Val_comp_iterIN4arma29arma_sort_index_helper_ascendIdEEEC2EONS0_15_Iter_comp_iterIS4_EE
FNDA:0,_ZN9__gnu_cxx5__ops14_Val_comp_iterIN4arma29arma_sort_index_helper_ascendIdEEEC2EONS0_15_Iter_comp_iterIS4_EE
FN:214,_ZN9__gnu_cxx5__ops14_Val_comp_iterIN4arma30arma_sort_index_helper_descendIdEEEclINS2_22arma_sort_index_packetIdEENS_17__normal_iteratorIPS8_St6vectorIS8_SaIS8_EEEEEEbRT_T0_
FNDA:0,_ZN9__gnu_cxx5__ops14_Val_comp_iterIN4arma30arma_sort_index_helper_descendIdEEEclINS2_22arma_sort_index_packetIdEENS_17__normal_iteratorIPS8_St6vectorIS8_SaIS8_EEEEEEbRT_T0_
FN:214,_ZN9__gnu_cxx5__ops14_Val_comp_iterIN4arma29arma_sort_index_helper_ascendIdEEEclINS2_22arma_sort_index_packetIdEENS_17__normal_iteratorIPS8_St6vectorIS8_SaIS8_EEEEEEbRT_T0_
FNDA:0,_ZN9__gnu_cxx5__ops14_Val_comp_iterIN4arma29arma_sort_index_helper_ascendIdEEEclINS2_22arma_sort_index_packetIdEENS_17__normal_iteratorIPS8_St6vectorIS8_SaIS8_EEEEEEbRT_T0_
FN:225,_ZN9__gnu_cxx5__ops15__val_comp_iterIN4arma30arma_sort_index_helper_descendIdEEEENS0_14_Val_comp_iterIT_EENS0_15_Iter_comp_iterIS6_EE
FNDA:0,_ZN9__gnu_cxx5__ops15__val_comp_iterIN4arma30arma_sort_index_helper_descendIdEEEENS0_14_Val_comp_iterIT_EENS0_15_Iter_comp_iterIS6_EE
FN:225,_ZN9__gnu_cxx5__ops15__val_comp_iterIN4arma29arma_sort_index_helper_ascendIdEEEENS0_14_Val_comp_iterIT_EENS0_15_Iter_comp_iterIS6_EE
FNDA:0,_ZN9__gnu_cxx5__ops15__val_comp_iterIN4arma29arma_sort_index_helper_ascendIdEEEENS0_14_Val_comp_iterIT_EENS0_15_Iter_comp_iterIS6_EE
DA:135,0
DA:136,0
DA:137,0
DA:135,0
DA:136,0
DA:137,0
DA:142,0
DA:143,0
DA:142,0
DA:143,0
DA:149,0
DA:150,0
DA:149,0
DA:150,0
DA:169,0
DA:170,0
DA:171,0
DA:169,0
DA:170,0
DA:171,0
DA:176,0
DA:177,0
DA:176,0
DA:177,0
DA:207,0
DA:208,0
DA:209,0
DA:207,0
DA:208,0
DA:209,0
DA:214,0
DA:215,0
DA:214,0
DA:215,0
DA:225,0
DA:226,0
DA:225,0
DA:226,0
end_of_record
SF:/usr/include/c++/9/bits/basic_string.tcc
FN:206,_ZNSt7__cxx1112basic_stringIcSt11char_traitsIcESaIcEE12_M_constructIPcEEvT_S7_St20forward_iterator_tag
FNDA:0,_ZNSt7__cxx1112basic_stringIcSt11char_traitsIcESaIcEE12_M_constructIPcEEvT_S7_St20forward_iterator_tag
FN:206,_ZNSt7__cxx1112basic_stringIcSt11char_traitsIcESaIcEE12_M_constructIPKcEEvT_S8_St20forward_iterator_tag
FNDA:0,_ZNSt7__cxx1112basic_stringIcSt11char_traitsIcESaIcEE12_M_constructIPKcEEvT_S8_St20forward_iterator_tag
DA:206,0
DA:211,0
DA:212,0
DA:215,0
DA:217,0
DA:219,0
DA:220,0
DA:225,0
DA:226,0
DA:228,0
DA:229,0
DA:232,0
DA:233,0
DA:206,0
DA:211,0
DA:212,0
DA:215,0
DA:217,0
DA:219,0
DA:220,0
DA:225,0
DA:226,0
DA:228,0
DA:229,0
DA:232,0
DA:233,0
end_of_record
SF:/usr/include/armadillo_bits/Col_bones.hpp
end_of_record
SF:/usr/include/c++/9/bits/allocator.h
FN:137,_ZNSaIN4arma22arma_sort_index_packetIdEEEC2Ev
FNDA:0,_ZNSaIN4arma22arma_sort_index_packetIdEEEC2Ev
FN:140,_ZNSaIN4arma22arma_sort_index_packetIdEEEC2ERKS2_
FNDA:0,_ZNSaIN4arma22arma_sort_index_packetIdEEEC2ERKS2_
FN:152,_ZNSaIN4arma22arma_sort_index_packetIdEEED2Ev
FNDA:0,_ZNSaIN4arma22arma_sort_index_packetIdEEED2Ev
DA:137,0
DA:140,0
DA:141,0
DA:152,0
end_of_record
SF:/home/aca/Desktop/vs/2023_Analysis_sudoku/sudoku/altproj.cpp
FN:17,_Z3RC1RKN4arma4CubeIdEE
FNDA:0,_Z3RC1RKN4arma4CubeIdEE
FN:32,_Z3RC2RKN4arma4CubeIdEE
FNDA:0,_Z3RC2RKN4arma4CubeIdEE
FN:46,_Z3RC3RKN4arma4CubeIdEE
FNDA:0,_Z3RC3RKN4arma4CubeIdEE
FN:69,_Z3RC4RKN4arma4CubeIdEE
FNDA:0,_Z3RC4RKN4arma4CubeIdEE
FN:83,_Z3RC5RKN4arma4CubeIdEER5Board
FNDA:0,_Z3RC5RKN4arma4CubeIdEER5Board
FN:95,_Z10cube2BoardRKN4arma4CubeIdEE
FNDA:0,_Z10cube2BoardRKN4arma4CubeIdEE
FN:110,_Z2DRR5Board
FNDA:0,_Z2DRR5Board
DA:17,0
DA:19,0
DA:20,0
DA:21,0
DA:22,0
DA:23,0
DA:24,0
DA:25,0
DA:26,0
DA:28,0
DA:32,0
DA:33,0
DA:34,0
DA:35,0
DA:36,0
DA:37,0
DA:38,0
DA:39,0
DA:40,0
DA:42,0
DA:46,0
DA:47,0
DA:48,0
DA:50,0
DA:51,0
DA:52,0
DA:53,0
DA:54,0
DA:55,0
DA:58,0
DA:59,0
DA:60,0
DA:61,0
DA:62,0
DA:63,0
DA:65,0
DA:69,0
DA:70,0
DA:71,0
DA:72,0
DA:73,0
DA:74,0
DA:75,0
DA:76,0
DA:77,0
DA:79,0
DA:83,0
DA:84,0
DA:85,0
DA:86,0
DA:87,0
DA:88,0
DA:89,0
DA:90,0
DA:95,0
DA:96,0
DA:97,0
DA:99,0
DA:100,0
DA:101,0
DA:102,0
DA:103,0
DA:104,0
DA:106,0
DA:110,0
DA:111,0
DA:113,0
DA:114,0
DA:115,0
DA:118,0
DA:120,0
DA:123,0
DA:124,0
DA:125,0
DA:126,0
DA:127,0
DA:129,0
DA:134,0
DA:135,0
DA:136,0
DA:137,0
DA:138,0
DA:141,0
end_of_record
SF:/home/aca/Desktop/vs/2023_Analysis_sudoku/sudoku/solver.hpp
FN:23,_ZN5BoardC2Ei
FNDA:0,_ZN5BoardC2Ei
FN:59,_ZN5BoardD2Ev
FNDA:0,_ZN5BoardD2Ev
FN:83,_ZN5BoardclEii
FNDA:0,_ZN5BoardclEii
FN:111,_ZN5Board7getSizeEv
FNDA:0,_ZN5Board7getSizeEv
DA:23,0
DA:26,0
DA:27,0
DA:28,0
DA:30,0
DA:31,0
DA:32,0
DA:35,0
DA:36,0
DA:37,0
DA:40,0
DA:41,0
DA:42,0
DA:47,0
DA:48,0
DA:49,0
DA:52,0
DA:53,0
DA:54,0
DA:56,0
DA:59,0
DA:60,0
DA:61,0
DA:63,0
DA:65,0
DA:66,0
DA:68,0
DA:70,0
DA:71,0
DA:73,0
DA:74,0
DA:83,0
DA:84,0
DA:85,0
DA:111,0
DA:112,0
end_of_record
SF:/usr/include/armadillo_bits/constants.hpp
FN:30,_ZN4arma4priv12Datum_helper3nanIdEENS_14arma_real_onlyIT_E6resultEPS6_
FNDA:0,_ZN4arma4priv12Datum_helper3nanIdEENS_14arma_real_onlyIT_E6resultEPS6_
FN:61,_ZN4arma4priv12Datum_helper3nanIyEENS_18arma_integral_onlyIT_E6resultEPS6_
FNDA:1,_ZN4arma4priv12Datum_helper3nanIyEENS_18arma_integral_onlyIT_E6resultEPS6_
FN:61,_ZN4arma4priv12Datum_helper3nanIxEENS_18arma_integral_onlyIT_E6resultEPS6_
FNDA:0,_ZN4arma4priv12Datum_helper3nanIxEENS_18arma_integral_onlyIT_E6resultEPS6_
DA:30,0
DA:36,0
DA:61,1
DA:65,1
DA:61,0
DA:65,0
DA:239,0
end_of_record
SF:/usr/include/armadillo_bits/arrayops_meat.hpp
FN:51,_ZN4arma8arrayops10copy_smallIyEEvPT_PKS2_y
FNDA:0,_ZN4arma8arrayops10copy_smallIyEEvPT_PKS2_y
FN:51,_ZN4arma8arrayops10copy_smallIdEEvPT_PKS2_y
FNDA:0,_ZN4arma8arrayops10copy_smallIdEEvPT_PKS2_y
FN:83,_ZN4arma8arrayops10fill_zerosIdEEvPT_y
FNDA:0,_ZN4arma8arrayops10fill_zerosIdEEvPT_y
FN:596,_ZN4arma8arrayops11inplace_setIyEEvPT_S2_y
FNDA:0,_ZN4arma8arrayops11inplace_setIyEEvPT_S2_y
FN:596,_ZN4arma8arrayops11inplace_setIdEEvPT_S2_y
FNDA:0,_ZN4arma8arrayops11inplace_setIdEEvPT_S2_y
FN:632,_ZN4arma8arrayops16inplace_set_baseIyEEvPT_S2_y
FNDA:0,_ZN4arma8arrayops16inplace_set_baseIyEEvPT_S2_y
FN:632,_ZN4arma8arrayops16inplace_set_baseIdEEvPT_S2_y
FNDA:0,_ZN4arma8arrayops16inplace_set_baseIdEEvPT_S2_y
FN:665,_ZN4arma8arrayops17inplace_set_smallIyEEvPT_S2_y
FNDA:0,_ZN4arma8arrayops17inplace_set_smallIyEEvPT_S2_y
FN:665,_ZN4arma8arrayops17inplace_set_smallIdEEvPT_S2_y
FNDA:0,_ZN4arma8arrayops17inplace_set_smallIdEEvPT_S2_y
DA:30,0
DA:32,0
DA:36,0
DA:43,0
DA:51,0
DA:53,0
DA:55,0
DA:57,0
DA:59,0
DA:61,0
DA:63,0
DA:65,0
DA:67,0
DA:69,0
DA:71,0
DA:73,0
DA:75,0
DA:51,0
DA:53,0
DA:55,0
DA:57,0
DA:59,0
DA:61,0
DA:63,0
DA:65,0
DA:67,0
DA:69,0
DA:71,0
DA:73,0
DA:75,0
DA:83,0
DA:85,0
DA:86,0
DA:596,0
DA:600,0
DA:602,0
DA:606,0
DA:608,0
DA:612,0
DA:616,0
DA:620,0
DA:624,0
DA:596,0
DA:600,0
DA:602,0
DA:606,0
DA:608,0
DA:612,0
DA:616,0
DA:620,0
DA:624,0
DA:632,0
DA:645,0
DA:647,0
DA:648,0
DA:651,0
DA:653,0
DA:657,0
DA:632,0
DA:645,0
DA:647,0
DA:648,0
DA:651,0
DA:653,0
DA:657,0
DA:665,0
DA:667,0
DA:669,0
DA:671,0
DA:673,0
DA:675,0
DA:677,0
DA:679,0
DA:681,0
DA:683,0
DA:685,0
DA:687,0
DA:689,0
DA:665,0
DA:667,0
DA:669,0
DA:671,0
DA:673,0
DA:675,0
DA:677,0
DA:679,0
DA:681,0
DA:683,0
DA:685,0
DA:687,0
DA:689,0
end_of_record
SF:/usr/include/c++/9/bits/alloc_traits.h
FN:442,_ZNSt16allocator_traitsISaIN4arma22arma_sort_index_packetIdEEEE8allocateERS3_m
FNDA:0,_ZNSt16allocator_traitsISaIN4arma22arma_sort_index_packetIdEEEE8allocateERS3_m
FN:468,_ZNSt16allocator_traitsISaIN4arma22arma_sort_index_packetIdEEEE10deallocateERS3_PS2_m
FNDA:0,_ZNSt16allocator_traitsISaIN4arma22arma_sort_index_packetIdEEEE10deallocateERS3_PS2_m
FN:504,_ZNSt16allocator_traitsISaIN4arma22arma_sort_index_packetIdEEEE8max_sizeERKS3_
FNDA:0,_ZNSt16allocator_traitsISaIN4arma22arma_sort_index_packetIdEEEE8max_sizeERKS3_
FN:513,_ZNSt16allocator_traitsISaIcEE37select_on_container_copy_constructionERKS0_
FNDA:0,_ZNSt16allocator_traitsISaIcEE37select_on_container_copy_constructionERKS0_
DA:442,0
DA:443,0
DA:468,0
DA:469,0
DA:504,0
DA:505,0
DA:513,0
DA:514,0
end_of_record
SF:/usr/include/armadillo_bits/operator_plus.hpp
DA:45,0
DA:59,0
end_of_record
SF:/usr/include/armadillo_bits/eOp_meat.hpp
FN:34,_ZN4arma3eOpINS0_INS0_INS0_INS_3ColIyEENS_16eop_scalar_timesEEES3_EENS_15eop_scalar_plusEEES6_EC2ERKS7_y
FNDA:0,_ZN4arma3eOpINS0_INS0_INS0_INS_3ColIyEENS_16eop_scalar_timesEEES3_EENS_15eop_scalar_plusEEES6_EC2ERKS7_y
FN:34,_ZN4arma3eOpINS0_INS0_INS_3ColIyEENS_16eop_scalar_timesEEES3_EENS_15eop_scalar_plusEEC2ERKS5_y
FNDA:0,_ZN4arma3eOpINS0_INS0_INS_3ColIyEENS_16eop_scalar_timesEEES3_EENS_15eop_scalar_plusEEC2ERKS5_y
FN:34,_ZN4arma3eOpINS0_INS_3ColIyEENS_16eop_scalar_timesEEES3_EC2ERKS4_y
FNDA:0,_ZN4arma3eOpINS0_INS_3ColIyEENS_16eop_scalar_timesEEES3_EC2ERKS4_y
FN:34,_ZN4arma3eOpINS_3ColIyEENS_15eop_scalar_plusEEC2ERKS2_y
FNDA:0,_ZN4arma3eOpINS_3ColIyEENS_15eop_scalar_plusEEC2ERKS2_y
FN:34,_ZN4arma3eOpINS0_INS0_INS_3ColIyEENS_16eop_scalar_timesEEENS_15eop_scalar_plusEEES5_EC2ERKS6_y
FNDA:0,_ZN4arma3eOpINS0_INS0_INS_3ColIyEENS_16eop_scalar_timesEEENS_15eop_scalar_plusEEES5_EC2ERKS6_y
FN:34,_ZN4arma3eOpINS0_INS_3ColIyEENS_16eop_scalar_timesEEENS_15eop_scalar_plusEEC2ERKS4_y
FNDA:0,_ZN4arma3eOpINS0_INS_3ColIyEENS_16eop_scalar_timesEEENS_15eop_scalar_plusEEC2ERKS4_y
FN:34,_ZN4arma3eOpINS_3ColIyEENS_16eop_scalar_timesEEC2ERKS2_y
FNDA:0,_ZN4arma3eOpINS_3ColIyEENS_16eop_scalar_timesEEC2ERKS2_y
FN:70,_ZN4arma3eOpINS0_INS0_INS0_INS_3ColIyEENS_16eop_scalar_timesEEES3_EENS_15eop_scalar_plusEEES6_ED2Ev
FNDA:0,_ZN4arma3eOpINS0_INS0_INS0_INS_3ColIyEENS_16eop_scalar_timesEEES3_EENS_15eop_scalar_plusEEES6_ED2Ev
FN:70,_ZN4arma3eOpINS0_INS0_INS_3ColIyEENS_16eop_scalar_timesEEES3_EENS_15eop_scalar_plusEED2Ev
FNDA:0,_ZN4arma3eOpINS0_INS0_INS_3ColIyEENS_16eop_scalar_timesEEES3_EENS_15eop_scalar_plusEED2Ev
FN:70,_ZN4arma3eOpINS0_INS_3ColIyEENS_16eop_scalar_timesEEES3_ED2Ev
FNDA:0,_ZN4arma3eOpINS0_INS_3ColIyEENS_16eop_scalar_timesEEES3_ED2Ev
FN:70,_ZN4arma3eOpINS_3ColIyEENS_15eop_scalar_plusEED2Ev
FNDA:0,_ZN4arma3eOpINS_3ColIyEENS_15eop_scalar_plusEED2Ev
FN:70,_ZN4arma3eOpINS0_INS0_INS_3ColIyEENS_16eop_scalar_timesEEENS_15eop_scalar_plusEEES5_ED2Ev
FNDA:0,_ZN4arma3eOpINS0_INS0_INS_3ColIyEENS_16eop_scalar_timesEEENS_15eop_scalar_plusEEES5_ED2Ev
FN:70,_ZN4arma3eOpINS0_INS_3ColIyEENS_16eop_scalar_timesEEENS_15eop_scalar_plusEED2Ev
FNDA:0,_ZN4arma3eOpINS0_INS_3ColIyEENS_16eop_scalar_timesEEENS_15eop_scalar_plusEED2Ev
FN:70,_ZN4arma3eOpINS_3ColIyEENS_16eop_scalar_timesEED2Ev
FNDA:0,_ZN4arma3eOpINS_3ColIyEENS_16eop_scalar_timesEED2Ev
DA:34,0
DA:36,0
DA:39,0
DA:34,0
DA:36,0
DA:39,0
DA:34,0
DA:36,0
DA:39,0
DA:34,0
DA:36,0
DA:39,0
DA:34,0
DA:36,0
DA:39,0
DA:34,0
DA:36,0
DA:39,0
DA:34,0
DA:36,0
DA:39,0
DA:70,0
DA:73,0
DA:70,0
DA:73,0
DA:70,0
DA:73,0
DA:70,0
DA:73,0
DA:70,0
DA:73,0
DA:70,0
DA:73,0
DA:70,0
DA:73,0
DA:82,0
DA:92,0
DA:102,0
DA:112,0
DA:144,0
end_of_record
SF:/usr/include/armadillo_bits/operator_cube_minus.hpp
DA:118,0
end_of_record
SF:/usr/include/c++/9/cmath
FN:475,_ZSt4sqrtIiEN9__gnu_cxx11__enable_ifIXsrSt12__is_integerIT_E7__valueEdE6__typeES3_
[...]
DA:206,0
DA:211,0
DA:212,0
DA:215,0
DA:217,0
DA:219,0
DA:220,0
DA:225,0
DA:226,0
DA:228,0
DA:229,0
DA:232,0
DA:233,0
DA:206,12
DA:211,12
DA:212,0
DA:215,12
DA:217,12
DA:219,0
DA:220,0
DA:225,12
DA:226,0
DA:228,0
DA:229,0
DA:232,12
DA:233,12
DA:206,246
DA:211,246
DA:212,0
DA:215,246
DA:217,246
DA:219,0
DA:220,0
DA:225,246
DA:226,0
DA:228,0
DA:229,0
DA:232,246
DA:233,246
DA:206,0
DA:211,0
DA:212,0
DA:215,0
DA:217,0
DA:219,0
DA:220,0
DA:225,0
DA:226,0
DA:228,0
DA:229,0
DA:232,0
DA:233,0
end_of_record
SF:/usr/include/c++/9/ext/aligned_buffer.h
FN:64,_ZN9__gnu_cxx16__aligned_membufISt4pairIKllEE7_M_addrEv
FNDA:16,_ZN9__gnu_cxx16__aligned_membufISt4pairIKllEE7_M_addrEv
FN:64,_ZN9__gnu_cxx16__aligned_membufISt8functionIFbcEEE7_M_addrEv
FNDA:37,_ZN9__gnu_cxx16__aligned_membufISt8functionIFbcEEE7_M_addrEv
FN:68,_ZNK9__gnu_cxx16__aligned_membufISt4pairIKllEE7_M_addrEv
FNDA:6,_ZNK9__gnu_cxx16__aligned_membufISt4pairIKllEE7_M_addrEv
FN:68,_ZNK9__gnu_cxx16__aligned_membufISt8functionIFbcEEE7_M_addrEv
FNDA:43,_ZNK9__gnu_cxx16__aligned_membufISt8functionIFbcEEE7_M_addrEv
FN:72,_ZN9__gnu_cxx16__aligned_membufISt4pairIKllEE6_M_ptrEv
FNDA:16,_ZN9__gnu_cxx16__aligned_membufISt4pairIKllEE6_M_ptrEv
FN:76,_ZNK9__gnu_cxx16__aligned_membufISt4pairIKllEE6_M_ptrEv
FNDA:6,_ZNK9__gnu_cxx16__aligned_membufISt4pairIKllEE6_M_ptrEv
FN:102,_ZN9__gnu_cxx16__aligned_bufferINSt8__detail4_NFAINSt7__cxx1112regex_traitsIcEEEEE7_M_addrEv
FNDA:3,_ZN9__gnu_cxx16__aligned_bufferINSt8__detail4_NFAINSt7__cxx1112regex_traitsIcEEEEE7_M_addrEv
FN:114,_ZN9__gnu_cxx16__aligned_bufferINSt8__detail4_NFAINSt7__cxx1112regex_traitsIcEEEEE6_M_ptrEv
FNDA:3,_ZN9__gnu_cxx16__aligned_bufferINSt8__detail4_NFAINSt7__cxx1112regex_traitsIcEEEEE6_M_ptrEv
DA:64,16
DA:65,16
DA:64,37
DA:65,37
DA:68,6
DA:69,6
DA:68,43
DA:69,43
DA:72,16
DA:73,16
DA:76,6
DA:77,6
DA:102,3
DA:104,3
DA:114,3
DA:115,3
end_of_record
TN:
SF:/home/aca/Desktop/vs/2023_Analysis_sudoku/sudoku/solver.hpp
FN:23,_ZN5BoardC2Ei
FNDA:1,_ZN5BoardC2Ei
FN:59,_ZN5BoardD2Ev
FNDA:0,_ZN5BoardD2Ev
FN:83,_ZN5BoardclEii
FNDA:0,_ZN5BoardclEii
FN:94,_ZN5Board15assignImmutableEiib
FNDA:71,_ZN5Board15assignImmutableEiib
FN:99,_ZN5Board14checkImmutableEii
FNDA:0,_ZN5Board14checkImmutableEii
FN:105,_ZN5Board9isProblemEii
FNDA:145,_ZN5Board9isProblemEii
FN:111,_ZN5Board7getSizeEv
FNDA:0,_ZN5Board7getSizeEv
DA:23,1
DA:26,1
DA:27,10
DA:28,9
DA:30,10
DA:31,90
DA:32,81
DA:35,1
DA:36,10
DA:37,9
DA:40,10
DA:41,90
DA:42,81
DA:47,1
DA:48,10
DA:49,9
DA:52,10
DA:53,90
DA:54,81
DA:56,1
DA:59,0
DA:60,0
DA:61,0
DA:63,0
DA:65,0
DA:66,0
DA:68,0
DA:70,0
DA:71,0
DA:73,0
DA:74,0
DA:83,0
DA:84,0
DA:85,0
DA:94,71
DA:95,71
DA:96,71
DA:99,0
DA:100,0
DA:105,145
DA:106,145
DA:111,0
DA:112,0
end_of_record
SF:/usr/include/c++/9/cmath
FN:415,_ZSt3powIdiEN9__gnu_cxx11__promote_2IT_T0_NS0_9__promoteIS2_XsrSt12__is_integerIS2_E7__valueEE6__typeENS4_IS3_XsrS5_IS3_E7__valueEE6__typeEE6__typeES2_S3_
FNDA:466,_ZSt3powIdiEN9__gnu_cxx11__promote_2IT_T0_NS0_9__promoteIS2_XsrSt12__is_integerIS2_E7__valueEE6__typeENS4_IS3_XsrS5_IS3_E7__valueEE6__typeEE6__typeES2_S3_
FN:475,_ZSt4sqrtIiEN9__gnu_cxx11__enable_ifIXsrSt12__is_integerIT_E7__valueEdE6__typeES3_
FNDA:3692,_ZSt4sqrtIiEN9__gnu_cxx11__enable_ifIXsrSt12__is_integerIT_E7__valueEdE6__typeES3_
DA:415,466
DA:418,466
DA:475,3692
DA:476,3692
end_of_record
SF:/home/aca/Desktop/vs/2023_Analysis_sudoku/sudoku/solver.cpp
FN:18,_ZN5Board11printPuzzleEv
FNDA:7,_ZN5Board11printPuzzleEv
FN:79,_ZN5Board11checkPuzzleEv
FNDA:5,_ZN5Board11checkPuzzleEv
FN:97,_ZN5Board11clearPuzzleEv
FNDA:0,_ZN5Board11clearPuzzleEv
FN:107,_ZN5Board8inBoundsEi
FNDA:15,_ZN5Board8inBoundsEi
FN:120,_ZN5Board12feasibleUserEiii
FNDA:3,_ZN5Board12feasibleUserEiii
FN:172,_Z8feasibleR5Boardiii
FNDA:3216,_Z8feasibleR5Boardiii
FN:202,_Z5solveR5Boardii
FNDA:466,_Z5solveR5Boardii
FN:240,_Z14generatePuzzleii
FNDA:1,_Z14generatePuzzleii
FN:276,_Z7genPermi
FNDA:2,_Z7genPermi
DA:18,7
DA:20,7
DA:21,7
DA:23,70
DA:24,63
DA:25,63
DA:26,0
DA:29,7
DA:31,70
DA:32,63
DA:33,630
DA:35,567
DA:36,422
DA:37,422
DA:38,0
DA:40,145
DA:41,144
DA:43,1
DA:46,145
DA:47,145
DA:48,0
DA:49,0
DA:54,567
DA:55,189
DA:57,378
DA:61,63
DA:62,63
DA:63,210
DA:64,189
DA:66,189
DA:67,0
DA:70,21
DA:75,7
DA:79,5
DA:80,5
DA:82,5
DA:83,9
DA:84,9
DA:85,9
DA:86,9
DA:87,5
DA:88,5
DA:90,4
DA:92,0
DA:97,0
DA:98,0
DA:99,0
DA:100,0
DA:101,0
DA:102,0
DA:107,15
DA:108,15
DA:109,11
DA:111,4
DA:120,3
DA:122,3
DA:124,3
DA:125,0
DA:126,0
DA:129,3
DA:130,0
DA:131,0
DA:134,3
DA:136,30
DA:137,27
DA:138,0
DA:139,0
DA:141,27
DA:145,30
DA:146,27
DA:147,1
DA:148,1
DA:150,26
DA:154,3
DA:155,3
DA:158,12
DA:159,36
DA:160,27
DA:161,0
DA:162,0
DA:164,27
DA:168,3
DA:172,3216
DA:173,3216
DA:174,3216
DA:175,3216
DA:176,3216
DA:179,19396
DA:180,18224
DA:183,7991
DA:184,7385
DA:187,606
DA:188,606
DA:191,1908
DA:192,5593
DA:193,4291
DA:194,182
DA:196,424
DA:202,466
DA:204,466
DA:205,466
DA:208,466
DA:209,2
DA:212,464
DA:213,44
DA:214,1
DA:216,43
DA:218,24
DA:222,3485
DA:223,3207
DA:224,420
DA:225,420
DA:226,20
DA:228,400
DA:234,278
DA:235,278
DA:240,1
DA:245,1
DA:246,1
DA:248,1
DA:251,10
DA:252,9
DA:253,1
DA:256,1
DA:257,1
DA:260,1
DA:262,72
DA:263,71
DA:264,71
DA:265,71
DA:266,71
DA:269,1
DA:270,1
DA:276,2
DA:279,2
DA:280,92
DA:281,90
DA:286,90
DA:287,88
DA:288,88
DA:289,88
DA:290,88
DA:293,2
end_of_record
SF:/usr/include/c++/9/iostream
end_of_record
TN:
SF:/usr/include/c++/9/new
FN:57,_ZNSt9bad_allocC2Ev
FNDA:0,_ZNSt9bad_allocC2Ev
DA:57,0
end_of_record
SF:/usr/include/c++/9/ext/alloc_traits.h
FN:97,_ZN9__gnu_cxx14__alloc_traitsISaIcEcE17_S_select_on_copyERKS1_
FNDA:0,_ZN9__gnu_cxx14__alloc_traitsISaIcEcE17_S_select_on_copyERKS1_
DA:97,0
DA:98,0
end_of_record
SF:/usr/include/armadillo_bits/gmm_misc_bones.hpp
FN:21,_ZN4arma13gmm_dist_modeC2Ey
FNDA:0,_ZN4arma13gmm_dist_modeC2Ey
FN:26,_ZN4arma13gmm_dist_euclC2Ev
FNDA:0,_ZN4arma13gmm_dist_euclC2Ev
FN:27,_ZN4arma13gmm_dist_mahaC2Ev
FNDA:0,_ZN4arma13gmm_dist_mahaC2Ev
FN:28,_ZN4arma13gmm_dist_probC2Ev
FNDA:0,_ZN4arma13gmm_dist_probC2Ev
FN:36,_ZN4arma13gmm_seed_modeC2Ey
FNDA:0,_ZN4arma13gmm_seed_modeC2Ey
FN:41,_ZN4arma22gmm_seed_keep_existingC2Ev
FNDA:0,_ZN4arma22gmm_seed_keep_existingC2Ev
FN:42,_ZN4arma22gmm_seed_static_subsetC2Ev
FNDA:0,_ZN4arma22gmm_seed_static_subsetC2Ev
FN:43,_ZN4arma22gmm_seed_static_spreadC2Ev
FNDA:0,_ZN4arma22gmm_seed_static_spreadC2Ev
FN:44,_ZN4arma22gmm_seed_random_subsetC2Ev
FNDA:0,_ZN4arma22gmm_seed_random_subsetC2Ev
FN:45,_ZN4arma22gmm_seed_random_spreadC2Ev
FNDA:0,_ZN4arma22gmm_seed_random_spreadC2Ev
DA:21,0
DA:26,0
DA:27,0
DA:28,0
DA:36,0
DA:41,0
DA:42,0
DA:43,0
DA:44,0
DA:45,0
end_of_record
SF:/usr/include/c++/9/bits/stl_iterator_base_types.h
FN:205,_ZSt19__iterator_categoryIPcENSt15iterator_traitsIT_E17iterator_categoryERKS2_
FNDA:0,_ZSt19__iterator_categoryIPcENSt15iterator_traitsIT_E17iterator_categoryERKS2_
FN:205,_ZSt19__iterator_categoryIPKcENSt15iterator_traitsIT_E17iterator_categoryERKS3_
FNDA:0,_ZSt19__iterator_categoryIPKcENSt15iterator_traitsIT_E17iterator_categoryERKS3_
DA:205,0
DA:206,0
DA:205,0
DA:206,0
end_of_record
SF:/usr/include/c++/9/bits/move.h
FN:74,_ZSt7forwardIiEOT_RNSt16remove_referenceIS0_E4typeE
FNDA:0,_ZSt7forwardIiEOT_RNSt16remove_referenceIS0_E4typeE
FN:74,_ZSt7forwardIR5BoardEOT_RNSt16remove_referenceIS2_E4typeE
FNDA:0,_ZSt7forwardIR5BoardEOT_RNSt16remove_referenceIS2_E4typeE
FN:99,_ZSt4moveIRSaIcEEONSt16remove_referenceIT_E4typeEOS3_
FNDA:0,_ZSt4moveIRSaIcEEONSt16remove_referenceIT_E4typeEOS3_
DA:74,0
DA:75,0
DA:74,0
DA:75,0
DA:99,0
DA:100,0
end_of_record
SF:/usr/include/c++/9/bits/basic_string.tcc
FN:206,_ZNSt7__cxx1112basic_stringIcSt11char_traitsIcESaIcEE12_M_constructIPcEEvT_S7_St20forward_iterator_tag
FNDA:0,_ZNSt7__cxx1112basic_stringIcSt11char_traitsIcESaIcEE12_M_constructIPcEEvT_S7_St20forward_iterator_tag
FN:206,_ZNSt7__cxx1112basic_stringIcSt11char_traitsIcESaIcEE12_M_constructIPKcEEvT_S8_St20forward_iterator_tag
FNDA:0,_ZNSt7__cxx1112basic_stringIcSt11char_traitsIcESaIcEE12_M_constructIPKcEEvT_S8_St20forward_iterator_tag
DA:206,0
DA:211,0
DA:212,0
DA:215,0
DA:217,0
DA:219,0
DA:220,0
DA:225,0
DA:226,0
DA:228,0
DA:229,0
DA:232,0
DA:233,0
DA:206,0
DA:211,0
DA:212,0
DA:215,0
DA:217,0
DA:219,0
DA:220,0
DA:225,0
DA:226,0
DA:228,0
DA:229,0
DA:232,0
DA:233,0
end_of_record
SF:/usr/include/armadillo_bits/debug.hpp
FN:39,_ZN4arma16arma_cerr_streamIcEERSoPSo
FNDA:0,_ZN4arma16arma_cerr_streamIcEERSoPSo
FN:79,_ZN4arma15get_cerr_streamEv
FNDA:0,_ZN4arma15get_cerr_streamEv
FN:136,_ZN4armaL21arma_stop_logic_errorINSt7__cxx1112basic_stringIcSt11char_traitsIcESaIcEEEEEvRKT_
FNDA:0,_ZN4armaL21arma_stop_logic_errorINSt7__cxx1112basic_stringIcSt11char_traitsIcESaIcEEEEEvRKT_
FN:136,_ZN4armaL21arma_stop_logic_errorIPKcEEvRKT_
FNDA:0,_ZN4armaL21arma_stop_logic_errorIPKcEEvRKT_
FN:155,_ZN4armaL19arma_stop_bad_allocIA29_cEEvRKT_
FNDA:0,_ZN4armaL19arma_stop_bad_allocIA29_cEEvRKT_
FN:155,_ZN4armaL19arma_stop_bad_allocIA39_cEEvRKT_
FNDA:0,_ZN4armaL19arma_stop_bad_allocIA39_cEEvRKT_
FN:155,_ZN4armaL19arma_stop_bad_allocIA24_cEEvRKT_
FNDA:0,_ZN4armaL19arma_stop_bad_allocIA24_cEEvRKT_
FN:155,_ZN4armaL19arma_stop_bad_allocIA34_cEEvRKT_
FNDA:0,_ZN4armaL19arma_stop_bad_allocIA34_cEEvRKT_
FN:178,_ZN4armaL23arma_stop_runtime_errorIA49_cEEvRKT_
FNDA:0,_ZN4armaL23arma_stop_runtime_errorIA49_cEEvRKT_
FN:209,_ZN4armaL10arma_printIA31_cEEvRKT_
FNDA:0,_ZN4armaL10arma_printIA31_cEEvRKT_
FN:209,_ZN4armaL10arma_printIA33_cEEvRKT_
FNDA:0,_ZN4armaL10arma_printIA33_cEEvRKT_
FN:209,_ZN4armaL10arma_printIA28_cEEvRKT_
FNDA:0,_ZN4armaL10arma_printIA28_cEEvRKT_
FN:209,_ZN4armaL10arma_printIA46_cEEvRKT_
FNDA:0,_ZN4armaL10arma_printIA46_cEEvRKT_
FN:209,_ZN4armaL10arma_printIA30_cEEvRKT_
FNDA:0,_ZN4armaL10arma_printIA30_cEEvRKT_
FN:209,_ZN4armaL10arma_printIA32_cEEvRKT_
FNDA:0,_ZN4armaL10arma_printIA32_cEEvRKT_
FN:209,_ZN4armaL10arma_printIA27_cEEvRKT_
FNDA:0,_ZN4armaL10arma_printIA27_cEEvRKT_
FN:209,_ZN4armaL10arma_printIA29_cEEvRKT_
FNDA:0,_ZN4armaL10arma_printIA29_cEEvRKT_
FN:316,_ZN4armaL9arma_warnINSt7__cxx1112basic_stringIcSt11char_traitsIcESaIcEEEEEvRKT_
FNDA:0,_ZN4armaL9arma_warnINSt7__cxx1112basic_stringIcSt11char_traitsIcESaIcEEEEEvRKT_
FN:433,_ZN4armaL25arma_incompat_size_stringEyyyyPKc
FNDA:0,_ZN4armaL25arma_incompat_size_stringEyyyyPKc
FN:448,_ZN4armaL25arma_incompat_size_stringEyyyyyyPKc
FNDA:0,_ZN4armaL25arma_incompat_size_stringEyyyyyyPKc
DA:39,0
DA:43,0
DA:45,0
DA:79,0
DA:81,0
DA:136,0
DA:140,0
DA:144,0
DA:136,0
DA:140,0
DA:144,0
DA:155,0
DA:159,0
DA:167,0
DA:155,0
DA:159,0
DA:167,0
DA:155,0
DA:159,0
DA:167,0
DA:155,0
DA:159,0
DA:167,0
DA:178,0
DA:182,0
DA:186,0
DA:209,0
DA:211,0
DA:212,0
DA:209,0
DA:211,0
DA:212,0
DA:209,0
DA:211,0
DA:212,0
DA:209,0
DA:211,0
DA:212,0
DA:209,0
DA:211,0
DA:212,0
DA:209,0
DA:211,0
DA:212,0
DA:209,0
DA:211,0
DA:212,0
DA:209,0
DA:211,0
DA:212,0
DA:316,0
DA:320,0
DA:327,0
DA:433,0
DA:435,0
DA:437,0
DA:439,0
DA:448,0
DA:450,0
DA:452,0
DA:454,0
end_of_record
SF:/usr/include/c++/9/bits/alloc_traits.h
FN:513,_ZNSt16allocator_traitsISaIcEE37select_on_container_copy_constructionERKS0_
FNDA:0,_ZNSt16allocator_traitsISaIcEE37select_on_container_copy_constructionERKS0_
DA:513,0
DA:514,0
end_of_record
SF:/usr/include/armadillo_bits/constants.hpp
FN:30,_ZN4arma4priv12Datum_helper3nanIdEENS_14arma_real_onlyIT_E6resultEPS6_
FNDA:0,_ZN4arma4priv12Datum_helper3nanIdEENS_14arma_real_onlyIT_E6resultEPS6_
FN:61,_ZN4arma4priv12Datum_helper3nanIxEENS_18arma_integral_onlyIT_E6resultEPS6_
FNDA:0,_ZN4arma4priv12Datum_helper3nanIxEENS_18arma_integral_onlyIT_E6resultEPS6_
DA:30,0
DA:36,0
DA:61,0
DA:65,0
end_of_record
SF:/home/aca/Desktop/vs/2023_Analysis_sudoku/sudoku/solver.hpp
FN:59,_ZN5BoardD2Ev
FNDA:0,_ZN5BoardD2Ev
DA:59,0
DA:60,0
DA:61,0
DA:63,0
DA:65,0
DA:66,0
DA:68,0
DA:70,0
DA:71,0
DA:73,0
DA:74,0
end_of_record
SF:/home/aca/Desktop/vs/2023_Analysis_sudoku/sudoku/tests.cpp
FN:24,_Z8unitTestiiib
FNDA:0,_Z8unitTestiiib
DA:24,0
DA:26,0
DA:27,0
DA:30,0
DA:32,0
DA:35,0
DA:36,0
DA:37,0
DA:40,0
DA:41,0
DA:42,0
DA:44,0
DA:45,0
DA:48,0
DA:49,0
DA:51,0
end_of_record
SF:/usr/include/c++/9/iostream
end_of_record
SF:/home/aca/Desktop/vs/2023_Analysis_sudoku/sudoku/tests.hpp
FN:28,_ZN7measureINSt6chrono8durationIlSt5ratioILl1ELl1000000000EEEEE9executionIPF5BoardRS7_EJS8_EEElT_DpOT0_
FNDA:0,_ZN7measureINSt6chrono8durationIlSt5ratioILl1ELl1000000000EEEEE9executionIPF5BoardRS7_EJS8_EEElT_DpOT0_
FN:28,_ZN7measureINSt6chrono8durationIlSt5ratioILl1ELl1000000000EEEEE9executionIPFbR5BoardiiEJS8_iiEEElT_DpOT0_
FNDA:0,_ZN7measureINSt6chrono8durationIlSt5ratioILl1ELl1000000000EEEEE9executionIPFbR5BoardiiEJS8_iiEEElT_DpOT0_
DA:28,0
DA:30,0
DA:31,0
DA:33,0
DA:34,0
DA:28,0
DA:30,0
DA:31,0
DA:33,0
DA:34,0
end_of_record
SF:/usr/include/c++/9/bits/exception.h
FN:63,_ZNSt9exceptionC2Ev
FNDA:0,_ZNSt9exceptionC2Ev
DA:63,0
end_of_record
SF:/usr/include/c++/9/ext/new_allocator.h
FN:80,_ZN9__gnu_cxx13new_allocatorIcEC2Ev
FNDA:0,_ZN9__gnu_cxx13new_allocatorIcEC2Ev
FN:83,_ZN9__gnu_cxx13new_allocatorIcEC2ERKS1_
FNDA:0,_ZN9__gnu_cxx13new_allocatorIcEC2ERKS1_
FN:89,_ZN9__gnu_cxx13new_allocatorIcED2Ev
FNDA:0,_ZN9__gnu_cxx13new_allocatorIcED2Ev
DA:80,0
DA:83,0
DA:89,0
end_of_record
SF:/usr/include/c++/9/chrono
FN:137,_ZNSt6chrono20__duration_cast_implINS_8durationIlSt5ratioILl1ELl1000000000EEEES2_ILl1ELl1EElLb1ELb1EE6__castIlS3_EES4_RKNS1_IT_T0_EE
FNDA:0,_ZNSt6chrono20__duration_cast_implINS_8durationIlSt5ratioILl1ELl1000000000EEEES2_ILl1ELl1EElLb1ELb1EE6__castIlS3_EES4_RKNS1_IT_T0_EE
FN:191,_ZNSt6chrono13duration_castINS_8durationIlSt5ratioILl1ELl1000000000EEEElS3_EENSt9enable_ifIXsrNS_13__is_durationIT_EE5valueES7_E4typeERKNS1_IT0_T1_EE
FNDA:0,_ZNSt6chrono13duration_castINS_8durationIlSt5ratioILl1ELl1000000000EEEElS3_EENSt9enable_ifIXsrNS_13__is_durationIT_EE5valueES7_E4typeERKNS1_IT0_T1_EE
FN:331,_ZNSt6chrono8durationIlSt5ratioILl1ELl1000000000EEEC1IlvEERKT_
FNDA:0,_ZNSt6chrono8durationIlSt5ratioILl1ELl1000000000EEEC1IlvEERKT_
FN:346,_ZNKSt6chrono8durationIlSt5ratioILl1ELl1000000000EEE5countEv
FNDA:0,_ZNKSt6chrono8durationIlSt5ratioILl1ELl1000000000EEE5countEv
FN:463,_ZNSt6chronomiIlSt5ratioILl1ELl1000000000EElS2_EENSt11common_typeIJNS_8durationIT_T0_EENS4_IT1_T2_EEEE4typeERKS7_RKSA_
FNDA:0,_ZNSt6chronomiIlSt5ratioILl1ELl1000000000EElS2_EENSt11common_typeIJNS_8durationIT_T0_EENS4_IT1_T2_EEEE4typeERKS7_RKSA_
FN:649,_ZNKSt6chrono10time_pointINS_3_V212system_clockENS_8durationIlSt5ratioILl1ELl1000000000EEEEE16time_since_epochEv
FNDA:0,_ZNKSt6chrono10time_pointINS_3_V212system_clockENS_8durationIlSt5ratioILl1ELl1000000000EEEEE16time_since_epochEv
FN:762,_ZNSt6chronomiINS_3_V212system_clockENS_8durationIlSt5ratioILl1ELl1000000000EEEES6_EENSt11common_typeIJT0_T1_EE4typeERKNS_10time_pointIT_S8_EERKNSC_ISD_S9_EE
FNDA:0,_ZNSt6chronomiINS_3_V212system_clockENS_8durationIlSt5ratioILl1ELl1000000000EEEES6_EENSt11common_typeIJT0_T1_EE4typeERKNS_10time_pointIT_S8_EERKNSC_ISD_S9_EE
DA:137,0
DA:140,0
DA:191,0
DA:200,0
DA:331,0
DA:332,0
DA:346,0
DA:347,0
DA:463,0
DA:469,0
DA:649,0
DA:650,0
DA:762,0
DA:764,0
end_of_record
SF:/usr/include/c++/9/bits/char_traits.h
FN:336,_ZNSt11char_traitsIcE6lengthEPKc
FNDA:0,_ZNSt11char_traitsIcE6lengthEPKc
DA:336,0
DA:342,0
end_of_record
SF:/usr/include/c++/9/bits/stl_iterator_base_funcs.h
FN:98,_ZSt10__distanceIPcENSt15iterator_traitsIT_E15difference_typeES2_S2_St26random_access_iterator_tag
FNDA:0,_ZSt10__distanceIPcENSt15iterator_traitsIT_E15difference_typeES2_S2_St26random_access_iterator_tag
FN:98,_ZSt10__distanceIPKcENSt15iterator_traitsIT_E15difference_typeES3_S3_St26random_access_iterator_tag
FNDA:0,_ZSt10__distanceIPKcENSt15iterator_traitsIT_E15difference_typeES3_S3_St26random_access_iterator_tag
FN:138,_ZSt8distanceIPcENSt15iterator_traitsIT_E15difference_typeES2_S2_
FNDA:0,_ZSt8distanceIPcENSt15iterator_traitsIT_E15difference_typeES2_S2_
FN:138,_ZSt8distanceIPKcENSt15iterator_traitsIT_E15difference_typeES3_S3_
FNDA:0,_ZSt8distanceIPKcENSt15iterator_traitsIT_E15difference_typeES3_S3_
DA:98,0
DA:104,0
DA:98,0
DA:104,0
DA:138,0
DA:141,0
DA:142,0
DA:138,0
DA:141,0
DA:142,0
end_of_record
SF:/usr/include/c++/9/limits
FN:1784,_ZNSt14numeric_limitsIdE9quiet_NaNEv
FNDA:0,_ZNSt14numeric_limitsIdE9quiet_NaNEv
DA:1784,0
end_of_record
SF:/usr/include/armadillo_bits/arma_forward.hpp
FN:379,_ZN4arma9hdf5_opts4optsC2Ej
FNDA:0,_ZN4arma9hdf5_opts4optsC2Ej
FN:400,_ZN4arma9hdf5_opts9opts_noneC2Ev
FNDA:0,_ZN4arma9hdf5_opts9opts_noneC2Ev
FN:401,_ZN4arma9hdf5_opts10opts_transC2Ev
FNDA:0,_ZN4arma9hdf5_opts10opts_transC2Ev
FN:402,_ZN4arma9hdf5_opts11opts_appendC2Ev
FNDA:0,_ZN4arma9hdf5_opts11opts_appendC2Ev
FN:403,_ZN4arma9hdf5_opts12opts_replaceC2Ev
FNDA:0,_ZN4arma9hdf5_opts12opts_replaceC2Ev
FN:451,_ZN4arma4fill10fill_classINS0_10fill_randnEEC2Ev
FNDA:0,_ZN4arma4fill10fill_classINS0_10fill_randnEEC2Ev
FN:451,_ZN4arma4fill10fill_classINS0_10fill_randuEEC2Ev
FNDA:0,_ZN4arma4fill10fill_classINS0_10fill_randuEEC2Ev
FN:451,_ZN4arma4fill10fill_classINS0_8fill_eyeEEC2Ev
FNDA:0,_ZN4arma4fill10fill_classINS0_8fill_eyeEEC2Ev
FN:451,_ZN4arma4fill10fill_classINS0_9fill_onesEEC2Ev
FNDA:0,_ZN4arma4fill10fill_classINS0_9fill_onesEEC2Ev
FN:451,_ZN4arma4fill10fill_classINS0_10fill_zerosEEC2Ev
FNDA:0,_ZN4arma4fill10fill_classINS0_10fill_zerosEEC2Ev
FN:451,_ZN4arma4fill10fill_classINS0_9fill_noneEEC2Ev
FNDA:0,_ZN4arma4fill10fill_classINS0_9fill_noneEEC2Ev
DA:379,0
DA:380,0
DA:381,0
DA:400,0
DA:401,0
DA:402,0
DA:403,0
DA:451,0
DA:451,0
DA:451,0
DA:451,0
DA:451,0
DA:451,0
end_of_record
SF:/usr/include/c++/9/bits/basic_string.h
FN:247,_ZNSt7__cxx1112basic_stringIcSt11char_traitsIcESaIcEE16_M_construct_auxIPcEEvT_S7_St12__false_type
FNDA:0,_ZNSt7__cxx1112basic_stringIcSt11char_traitsIcESaIcEE16_M_construct_auxIPcEEvT_S7_St12__false_type
FN:247,_ZNSt7__cxx1112basic_stringIcSt11char_traitsIcESaIcEE16_M_construct_auxIPKcEEvT_S8_St12__false_type
FNDA:0,_ZNSt7__cxx1112basic_stringIcSt11char_traitsIcESaIcEE16_M_construct_auxIPKcEEvT_S8_St12__false_type
FN:267,_ZNSt7__cxx1112basic_stringIcSt11char_traitsIcESaIcEE12_M_constructIPcEEvT_S7_
FNDA:0,_ZNSt7__cxx1112basic_stringIcSt11char_traitsIcESaIcEE12_M_constructIPcEEvT_S7_
FN:267,_ZNSt7__cxx1112basic_stringIcSt11char_traitsIcESaIcEE12_M_constructIPKcEEvT_S8_
FNDA:0,_ZNSt7__cxx1112basic_stringIcSt11char_traitsIcESaIcEE12_M_constructIPKcEEvT_S8_
DA:247,0
DA:251,0
DA:252,0
DA:247,0
DA:251,0
DA:252,0
DA:267,0
DA:270,0
DA:271,0
DA:267,0
DA:270,0
DA:271,0
end_of_record
SF:/usr/include/armadillo_bits/glue_solve_bones.hpp
FN:92,_ZN4arma10solve_opts4optsC2Ey
FNDA:0,_ZN4arma10solve_opts4optsC2Ey
FN:121,_ZN4arma10solve_opts9opts_noneC2Ev
FNDA:0,_ZN4arma10solve_opts9opts_noneC2Ev
FN:122,_ZN4arma10solve_opts9opts_fastC2Ev
FNDA:0,_ZN4arma10solve_opts9opts_fastC2Ev
FN:123,_ZN4arma10solve_opts16opts_equilibrateC2Ev
FNDA:0,_ZN4arma10solve_opts16opts_equilibrateC2Ev
FN:124,_ZN4arma10solve_opts14opts_no_approxC2Ev
FNDA:0,_ZN4arma10solve_opts14opts_no_approxC2Ev
FN:125,_ZN4arma10solve_opts9opts_triuC2Ev
FNDA:0,_ZN4arma10solve_opts9opts_triuC2Ev
FN:126,_ZN4arma10solve_opts9opts_trilC2Ev
FNDA:0,_ZN4arma10solve_opts9opts_trilC2Ev
FN:127,_ZN4arma10solve_opts12opts_no_bandC2Ev
FNDA:0,_ZN4arma10solve_opts12opts_no_bandC2Ev
FN:128,_ZN4arma10solve_opts13opts_no_sympdC2Ev
FNDA:0,_ZN4arma10solve_opts13opts_no_sympdC2Ev
FN:129,_ZN4arma10solve_opts15opts_allow_uglyC2Ev
FNDA:0,_ZN4arma10solve_opts15opts_allow_uglyC2Ev
FN:130,_ZN4arma10solve_opts17opts_likely_sympdC2Ev
FNDA:0,_ZN4arma10solve_opts17opts_likely_sympdC2Ev
FN:131,_ZN4arma10solve_opts11opts_refineC2Ev
FNDA:0,_ZN4arma10solve_opts11opts_refineC2Ev
FN:132,_ZN4arma10solve_opts14opts_no_trimatC2Ev
FNDA:0,_ZN4arma10solve_opts14opts_no_trimatC2Ev
DA:92,0
DA:93,0
DA:94,0
DA:121,0
DA:122,0
DA:123,0
DA:124,0
DA:125,0
DA:126,0
DA:127,0
DA:128,0
DA:129,0
DA:130,0
DA:131,0
DA:132,0
end_of_record
SF:/usr/include/c++/9/ext/type_traits.h
FN:152,_ZN9__gnu_cxx17__is_null_pointerIcEEbPT_
FNDA:0,_ZN9__gnu_cxx17__is_null_pointerIcEEbPT_
FN:152,_ZN9__gnu_cxx17__is_null_pointerIKcEEbPT_
FNDA:0,_ZN9__gnu_cxx17__is_null_pointerIKcEEbPT_
DA:152,0
DA:153,0
DA:152,0
DA:153,0
end_of_record
